2014-12-12 09:41:32,601 INFO  [org.springframework.web.context.ContextLoader:285] Root WebApplicationContext: initialization started
2014-12-12 09:41:32,668 INFO  [org.springframework.web.context.support.XmlWebApplicationContext:510] Refreshing Root WebApplicationContext: startup date [Fri Dec 12 09:41:32 CST 2014]; root of context hierarchy
2014-12-12 09:41:32,691 INFO  [org.springframework.beans.factory.xml.XmlBeanDefinitionReader:317] Loading XML bean definitions from class path resource [spring/business-config.xml]
2014-12-12 09:41:33,014 INFO  [org.springframework.beans.factory.xml.XmlBeanDefinitionReader:317] Loading XML bean definitions from class path resource [spring/datasource-config.xml]
2014-12-12 09:41:33,139 INFO  [org.springframework.beans.factory.xml.XmlBeanDefinitionReader:317] Loading XML bean definitions from class path resource [spring/tools-config.xml]
2014-12-12 09:41:33,232 INFO  [org.springframework.beans.factory.config.PropertyPlaceholderConfigurer:172] Loading properties file from class path resource [spring/data-access.properties]
2014-12-12 09:41:33,248 INFO  [org.springframework.beans.factory.annotation.AutowiredAnnotationBeanPostProcessor:153] JSR-330 'javax.inject.Inject' annotation found and supported for autowiring
2014-12-12 09:41:33,653 INFO  [org.springframework.web.context.ContextLoader:325] Root WebApplicationContext: initialization completed in 1052 ms
2014-12-12 09:41:33,747 INFO  [org.springframework.web.servlet.DispatcherServlet:484] FrameworkServlet 'SevenUp': initialization started
2014-12-12 09:41:33,747 INFO  [org.springframework.web.context.support.XmlWebApplicationContext:510] Refreshing WebApplicationContext for namespace 'SevenUp-servlet': startup date [Fri Dec 12 09:41:33 CST 2014]; parent: Root WebApplicationContext
2014-12-12 09:41:33,747 INFO  [org.springframework.beans.factory.xml.XmlBeanDefinitionReader:317] Loading XML bean definitions from class path resource [spring/mvc-core-config.xml]
2014-12-12 09:41:33,763 INFO  [org.springframework.beans.factory.xml.XmlBeanDefinitionReader:317] Loading XML bean definitions from class path resource [spring/mvc-view-config.xml]
2014-12-12 09:41:33,857 INFO  [org.springframework.beans.factory.annotation.AutowiredAnnotationBeanPostProcessor:153] JSR-330 'javax.inject.Inject' annotation found and supported for autowiring
2014-12-12 09:41:33,951 INFO  [org.springframework.web.servlet.mvc.method.annotation.RequestMappingHandlerMapping:220] Mapped "{[/accounts/{id}],methods=[GET],params=[],headers=[],consumes=[],produces=[],custom=[]}" onto public org.springframework.http.ResponseEntity<org.sevenup.rest.controller.Account> org.sevenup.rest.controller.AccountController.viewAccount(java.lang.String)
2014-12-12 09:41:33,951 INFO  [org.springframework.web.servlet.mvc.method.annotation.RequestMappingHandlerMapping:220] Mapped "{[/accounts/xxx],methods=[GET],params=[],headers=[],consumes=[],produces=[],custom=[]}" onto public org.springframework.http.ResponseEntity<java.util.List<org.sevenup.rest.controller.Account>> org.sevenup.rest.controller.AccountController.viewAccounts()
2014-12-12 09:41:33,951 INFO  [org.springframework.web.servlet.mvc.method.annotation.RequestMappingHandlerMapping:220] Mapped "{[/accounts],methods=[POST],params=[],headers=[],consumes=[],produces=[],custom=[]}" onto public org.springframework.http.ResponseEntity<org.sevenup.rest.controller.Account> org.sevenup.rest.controller.AccountController.createAcount(org.sevenup.rest.controller.Account,org.springframework.web.util.UriComponentsBuilder)
2014-12-12 09:41:33,951 INFO  [org.springframework.web.servlet.mvc.method.annotation.RequestMappingHandlerMapping:220] Mapped "{[/accounts/signUp],methods=[POST],params=[],headers=[],consumes=[],produces=[],custom=[]}" onto public org.springframework.http.ResponseEntity<org.sevenup.rest.controller.Account> org.sevenup.rest.controller.AccountController.signUp(org.sevenup.rest.controller.Account)
2014-12-12 09:41:33,951 INFO  [org.springframework.web.servlet.mvc.method.annotation.RequestMappingHandlerMapping:220] Mapped "{[/accounts/signIn],methods=[POST],params=[],headers=[],consumes=[],produces=[],custom=[]}" onto public boolean org.sevenup.rest.controller.AccountController.createUser(org.sevenup.rest.controller.Account)
2014-12-12 09:41:33,951 INFO  [org.springframework.web.servlet.mvc.method.annotation.RequestMappingHandlerMapping:220] Mapped "{[/accounts],methods=[GET],params=[],headers=[],consumes=[],produces=[],custom=[]}" onto public java.util.List<org.sevenup.rest.controller.Account> org.sevenup.rest.controller.AccountController.getAllAccounts()
2014-12-12 09:41:33,951 INFO  [org.springframework.web.servlet.mvc.method.annotation.RequestMappingHandlerMapping:220] Mapped "{[/memo],methods=[POST],params=[],headers=[],consumes=[],produces=[],custom=[]}" onto public org.springframework.http.ResponseEntity<org.sevenup.domain.memo.Memo> org.sevenup.rest.controller.memo.MemoController.createMemo(org.sevenup.domain.memo.Memo,org.springframework.web.util.UriComponentsBuilder)
2014-12-12 09:41:33,951 INFO  [org.springframework.web.servlet.mvc.method.annotation.RequestMappingHandlerMapping:220] Mapped "{[/memo],methods=[GET],params=[],headers=[],consumes=[],produces=[],custom=[]}" onto public org.sevenup.domain.memo.Memo org.sevenup.rest.controller.memo.MemoController.getMemo()
2014-12-12 09:41:33,951 INFO  [org.springframework.web.servlet.mvc.method.annotation.RequestMappingHandlerMapping:220] Mapped "{[/users/signIn],methods=[POST],params=[],headers=[],consumes=[],produces=[],custom=[]}" onto public boolean org.sevenup.rest.controller.user.UserController.signIn(org.sevenup.domain.user.User)
2014-12-12 09:41:33,951 INFO  [org.springframework.web.servlet.mvc.method.annotation.RequestMappingHandlerMapping:220] Mapped "{[/users/signUp],methods=[POST],params=[],headers=[],consumes=[],produces=[],custom=[]}" onto public org.springframework.http.ResponseEntity<org.sevenup.domain.user.User> org.sevenup.rest.controller.user.UserController.signUp(org.sevenup.domain.user.User)
2014-12-12 09:41:33,951 INFO  [org.springframework.web.servlet.mvc.method.annotation.RequestMappingHandlerMapping:220] Mapped "{[/users],methods=[GET],params=[],headers=[],consumes=[],produces=[],custom=[]}" onto public org.springframework.http.ResponseEntity<java.util.List<org.sevenup.domain.user.User>> org.sevenup.rest.controller.user.UserController.getUsers()
2014-12-12 09:41:33,951 INFO  [org.springframework.web.servlet.mvc.method.annotation.RequestMappingHandlerMapping:220] Mapped "{[/users/{id}],methods=[GET],params=[],headers=[],consumes=[],produces=[],custom=[]}" onto public org.springframework.http.ResponseEntity<org.sevenup.domain.user.User> org.sevenup.rest.controller.user.UserController.viewUser(java.lang.String)
2014-12-12 09:41:33,951 INFO  [org.springframework.web.servlet.mvc.method.annotation.RequestMappingHandlerMapping:220] Mapped "{[/users],methods=[POST],params=[],headers=[],consumes=[],produces=[],custom=[]}" onto public org.springframework.http.ResponseEntity<org.sevenup.domain.user.User> org.sevenup.rest.controller.user.UserController.createUser(org.sevenup.domain.user.User,org.springframework.web.util.UriComponentsBuilder)
2014-12-12 09:41:34,216 INFO  [org.springframework.web.servlet.mvc.method.annotation.RequestMappingHandlerAdapter:523] Looking for @ControllerAdvice: WebApplicationContext for namespace 'SevenUp-servlet': startup date [Fri Dec 12 09:41:33 CST 2014]; parent: Root WebApplicationContext
2014-12-12 09:41:34,247 INFO  [org.springframework.web.servlet.mvc.method.annotation.RequestMappingHandlerAdapter:523] Looking for @ControllerAdvice: WebApplicationContext for namespace 'SevenUp-servlet': startup date [Fri Dec 12 09:41:33 CST 2014]; parent: Root WebApplicationContext
2014-12-12 09:41:34,294 INFO  [org.springframework.web.servlet.handler.SimpleUrlHandlerMapping:314] Mapped URL path [/resources/**] onto handler 'org.springframework.web.servlet.resource.ResourceHttpRequestHandler#0'
2014-12-12 09:41:34,294 INFO  [org.springframework.web.servlet.handler.SimpleUrlHandlerMapping:314] Mapped URL path [/webjars/**] onto handler 'org.springframework.web.servlet.resource.ResourceHttpRequestHandler#1'
2014-12-12 09:41:34,310 INFO  [org.springframework.web.servlet.handler.SimpleUrlHandlerMapping:301] Root mapping to handler of type [class org.springframework.web.servlet.mvc.ParameterizableViewController]
2014-12-12 09:41:34,372 INFO  [org.springframework.web.servlet.handler.SimpleUrlHandlerMapping:314] Mapped URL path [/**] onto handler 'org.springframework.web.servlet.resource.DefaultServletHttpRequestHandler#0'
2014-12-12 09:41:34,388 INFO  [org.springframework.web.servlet.DispatcherServlet:503] FrameworkServlet 'SevenUp': initialization completed in 641 ms
2014-12-12 09:41:35,076 INFO  [org.springframework.web.context.support.XmlWebApplicationContext:862] Closing WebApplicationContext for namespace 'SevenUp-servlet': startup date [Fri Dec 12 09:41:33 CST 2014]; parent: Root WebApplicationContext
2014-12-12 21:25:22,739 INFO  [org.springframework.web.context.ContextLoader:285] Root WebApplicationContext: initialization started
2014-12-12 21:25:23,181 INFO  [org.springframework.web.context.support.XmlWebApplicationContext:510] Refreshing Root WebApplicationContext: startup date [Fri Dec 12 21:25:23 CST 2014]; root of context hierarchy
2014-12-12 21:25:23,207 INFO  [org.springframework.beans.factory.xml.XmlBeanDefinitionReader:317] Loading XML bean definitions from class path resource [spring/business-config.xml]
2014-12-12 21:25:24,204 INFO  [org.springframework.beans.factory.xml.XmlBeanDefinitionReader:317] Loading XML bean definitions from class path resource [spring/datasource-config.xml]
2014-12-12 21:25:24,320 INFO  [org.springframework.beans.factory.xml.XmlBeanDefinitionReader:317] Loading XML bean definitions from class path resource [spring/tools-config.xml]
2014-12-12 21:25:24,438 INFO  [org.springframework.beans.factory.config.PropertyPlaceholderConfigurer:172] Loading properties file from class path resource [spring/data-access.properties]
2014-12-12 21:25:24,452 INFO  [org.springframework.beans.factory.annotation.AutowiredAnnotationBeanPostProcessor:153] JSR-330 'javax.inject.Inject' annotation found and supported for autowiring
2014-12-12 21:25:25,653 INFO  [org.springframework.web.context.ContextLoader:325] Root WebApplicationContext: initialization completed in 2550 ms
2014-12-12 21:25:25,809 INFO  [org.springframework.web.servlet.DispatcherServlet:484] FrameworkServlet 'SevenUp': initialization started
2014-12-12 21:25:25,811 INFO  [org.springframework.web.context.support.XmlWebApplicationContext:510] Refreshing WebApplicationContext for namespace 'SevenUp-servlet': startup date [Fri Dec 12 21:25:25 CST 2014]; parent: Root WebApplicationContext
2014-12-12 21:25:25,812 INFO  [org.springframework.beans.factory.xml.XmlBeanDefinitionReader:317] Loading XML bean definitions from class path resource [spring/mvc-core-config.xml]
2014-12-12 21:25:25,893 INFO  [org.springframework.beans.factory.xml.XmlBeanDefinitionReader:317] Loading XML bean definitions from class path resource [spring/mvc-view-config.xml]
2014-12-12 21:25:26,432 INFO  [org.springframework.beans.factory.annotation.AutowiredAnnotationBeanPostProcessor:153] JSR-330 'javax.inject.Inject' annotation found and supported for autowiring
2014-12-12 21:25:26,691 INFO  [org.springframework.web.servlet.mvc.method.annotation.RequestMappingHandlerMapping:220] Mapped "{[/accounts/signIn],methods=[POST],params=[],headers=[],consumes=[],produces=[],custom=[]}" onto public boolean org.sevenup.rest.controller.AccountController.createUser(org.sevenup.rest.controller.Account)
2014-12-12 21:25:26,693 INFO  [org.springframework.web.servlet.mvc.method.annotation.RequestMappingHandlerMapping:220] Mapped "{[/accounts],methods=[GET],params=[],headers=[],consumes=[],produces=[],custom=[]}" onto public java.util.List<org.sevenup.rest.controller.Account> org.sevenup.rest.controller.AccountController.getAllAccounts()
2014-12-12 21:25:26,693 INFO  [org.springframework.web.servlet.mvc.method.annotation.RequestMappingHandlerMapping:220] Mapped "{[/accounts/xxx],methods=[GET],params=[],headers=[],consumes=[],produces=[],custom=[]}" onto public org.springframework.http.ResponseEntity<java.util.List<org.sevenup.rest.controller.Account>> org.sevenup.rest.controller.AccountController.viewAccounts()
2014-12-12 21:25:26,695 INFO  [org.springframework.web.servlet.mvc.method.annotation.RequestMappingHandlerMapping:220] Mapped "{[/accounts/{id}],methods=[GET],params=[],headers=[],consumes=[],produces=[],custom=[]}" onto public org.springframework.http.ResponseEntity<org.sevenup.rest.controller.Account> org.sevenup.rest.controller.AccountController.viewAccount(java.lang.String)
2014-12-12 21:25:26,696 INFO  [org.springframework.web.servlet.mvc.method.annotation.RequestMappingHandlerMapping:220] Mapped "{[/accounts],methods=[POST],params=[],headers=[],consumes=[],produces=[],custom=[]}" onto public org.springframework.http.ResponseEntity<org.sevenup.rest.controller.Account> org.sevenup.rest.controller.AccountController.createAcount(org.sevenup.rest.controller.Account,org.springframework.web.util.UriComponentsBuilder)
2014-12-12 21:25:26,696 INFO  [org.springframework.web.servlet.mvc.method.annotation.RequestMappingHandlerMapping:220] Mapped "{[/accounts/signUp],methods=[POST],params=[],headers=[],consumes=[],produces=[],custom=[]}" onto public org.springframework.http.ResponseEntity<org.sevenup.rest.controller.Account> org.sevenup.rest.controller.AccountController.signUp(org.sevenup.rest.controller.Account)
2014-12-12 21:25:26,697 INFO  [org.springframework.web.servlet.mvc.method.annotation.RequestMappingHandlerMapping:220] Mapped "{[/memo],methods=[POST],params=[],headers=[],consumes=[],produces=[],custom=[]}" onto public org.springframework.http.ResponseEntity<org.sevenup.domain.memo.Memo> org.sevenup.rest.controller.memo.MemoController.createMemo(org.sevenup.domain.memo.Memo,org.springframework.web.util.UriComponentsBuilder)
2014-12-12 21:25:26,697 INFO  [org.springframework.web.servlet.mvc.method.annotation.RequestMappingHandlerMapping:220] Mapped "{[/memo],methods=[GET],params=[],headers=[],consumes=[],produces=[],custom=[]}" onto public org.sevenup.domain.memo.Memo org.sevenup.rest.controller.memo.MemoController.getMemo()
2014-12-12 21:25:26,698 INFO  [org.springframework.web.servlet.mvc.method.annotation.RequestMappingHandlerMapping:220] Mapped "{[/users],methods=[POST],params=[],headers=[],consumes=[],produces=[],custom=[]}" onto public org.springframework.http.ResponseEntity<org.sevenup.domain.user.User> org.sevenup.rest.controller.user.UserController.createUser(org.sevenup.domain.user.User,org.springframework.web.util.UriComponentsBuilder)
2014-12-12 21:25:26,699 INFO  [org.springframework.web.servlet.mvc.method.annotation.RequestMappingHandlerMapping:220] Mapped "{[/users/signIn],methods=[POST],params=[],headers=[],consumes=[],produces=[],custom=[]}" onto public boolean org.sevenup.rest.controller.user.UserController.signIn(org.sevenup.domain.user.User)
2014-12-12 21:25:26,699 INFO  [org.springframework.web.servlet.mvc.method.annotation.RequestMappingHandlerMapping:220] Mapped "{[/users/signUp],methods=[POST],params=[],headers=[],consumes=[],produces=[],custom=[]}" onto public org.springframework.http.ResponseEntity<org.sevenup.domain.user.User> org.sevenup.rest.controller.user.UserController.signUp(org.sevenup.domain.user.User)
2014-12-12 21:25:26,699 INFO  [org.springframework.web.servlet.mvc.method.annotation.RequestMappingHandlerMapping:220] Mapped "{[/users],methods=[GET],params=[],headers=[],consumes=[],produces=[],custom=[]}" onto public org.springframework.http.ResponseEntity<java.util.List<org.sevenup.domain.user.User>> org.sevenup.rest.controller.user.UserController.getUsers()
2014-12-12 21:25:26,699 INFO  [org.springframework.web.servlet.mvc.method.annotation.RequestMappingHandlerMapping:220] Mapped "{[/users/{id}],methods=[GET],params=[],headers=[],consumes=[],produces=[],custom=[]}" onto public org.springframework.http.ResponseEntity<org.sevenup.domain.user.User> org.sevenup.rest.controller.user.UserController.viewUser(java.lang.String)
2014-12-12 21:25:27,364 INFO  [org.springframework.web.servlet.mvc.method.annotation.RequestMappingHandlerAdapter:523] Looking for @ControllerAdvice: WebApplicationContext for namespace 'SevenUp-servlet': startup date [Fri Dec 12 21:25:25 CST 2014]; parent: Root WebApplicationContext
2014-12-12 21:25:27,394 INFO  [org.springframework.web.servlet.mvc.method.annotation.RequestMappingHandlerAdapter:523] Looking for @ControllerAdvice: WebApplicationContext for namespace 'SevenUp-servlet': startup date [Fri Dec 12 21:25:25 CST 2014]; parent: Root WebApplicationContext
2014-12-12 21:25:27,511 INFO  [org.springframework.web.servlet.handler.SimpleUrlHandlerMapping:314] Mapped URL path [/resources/**] onto handler 'org.springframework.web.servlet.resource.ResourceHttpRequestHandler#0'
2014-12-12 21:25:27,513 INFO  [org.springframework.web.servlet.handler.SimpleUrlHandlerMapping:314] Mapped URL path [/webjars/**] onto handler 'org.springframework.web.servlet.resource.ResourceHttpRequestHandler#1'
2014-12-12 21:25:27,519 INFO  [org.springframework.web.servlet.handler.SimpleUrlHandlerMapping:301] Root mapping to handler of type [class org.springframework.web.servlet.mvc.ParameterizableViewController]
2014-12-12 21:25:27,533 INFO  [org.springframework.web.servlet.handler.SimpleUrlHandlerMapping:314] Mapped URL path [/**] onto handler 'org.springframework.web.servlet.resource.DefaultServletHttpRequestHandler#0'
2014-12-12 21:25:27,554 INFO  [org.springframework.web.servlet.DispatcherServlet:503] FrameworkServlet 'SevenUp': initialization completed in 1745 ms
2014-12-12 21:25:28,329 INFO  [org.springframework.web.context.support.XmlWebApplicationContext:862] Closing WebApplicationContext for namespace 'SevenUp-servlet': startup date [Fri Dec 12 21:25:25 CST 2014]; parent: Root WebApplicationContext
2014-12-12 21:33:45,885 INFO  [org.springframework.web.context.ContextLoader:285] Root WebApplicationContext: initialization started
2014-12-12 21:33:45,960 INFO  [org.springframework.web.context.support.XmlWebApplicationContext:510] Refreshing Root WebApplicationContext: startup date [Fri Dec 12 21:33:45 CST 2014]; root of context hierarchy
2014-12-12 21:33:45,987 INFO  [org.springframework.beans.factory.xml.XmlBeanDefinitionReader:317] Loading XML bean definitions from class path resource [spring/business-config.xml]
2014-12-12 21:33:46,090 INFO  [org.springframework.beans.factory.xml.XmlBeanDefinitionReader:317] Loading XML bean definitions from class path resource [spring/datasource-config.xml]
2014-12-12 21:33:46,262 INFO  [org.springframework.beans.factory.xml.XmlBeanDefinitionReader:317] Loading XML bean definitions from class path resource [spring/tools-config.xml]
2014-12-12 21:33:46,505 INFO  [org.springframework.beans.factory.config.PropertyPlaceholderConfigurer:172] Loading properties file from class path resource [spring/data-access.properties]
2014-12-12 21:33:46,522 INFO  [org.springframework.beans.factory.annotation.AutowiredAnnotationBeanPostProcessor:153] JSR-330 'javax.inject.Inject' annotation found and supported for autowiring
2014-12-12 21:33:47,007 WARN  [org.springframework.web.context.support.XmlWebApplicationContext:487] Exception encountered during context initialization - cancelling refresh attempt
org.springframework.beans.factory.UnsatisfiedDependencyException: Error creating bean with name 'memoServiceHandler' defined in URL [jar:file:/F:/7Up/SevenUp/sevenup-service/target/SevenUp.jar!/org/sevenup/service/memo/MemoServiceHandler.class]: Unsatisfied dependency expressed through constructor argument with index 0 of type [org.springframework.data.repository.Repository]: : No qualifying bean of type [org.springframework.data.repository.Repository] is defined: expected single matching bean but found 3: memoItemRepository,memoRepository,userRepository; nested exception is org.springframework.beans.factory.NoUniqueBeanDefinitionException: No qualifying bean of type [org.springframework.data.repository.Repository] is defined: expected single matching bean but found 3: memoItemRepository,memoRepository,userRepository
	at org.springframework.beans.factory.support.ConstructorResolver.createArgumentArray(ConstructorResolver.java:752)
	at org.springframework.beans.factory.support.ConstructorResolver.autowireConstructor(ConstructorResolver.java:185)
	at org.springframework.beans.factory.support.AbstractAutowireCapableBeanFactory.autowireConstructor(AbstractAutowireCapableBeanFactory.java:1133)
	at org.springframework.beans.factory.support.AbstractAutowireCapableBeanFactory.createBeanInstance(AbstractAutowireCapableBeanFactory.java:1036)
	at org.springframework.beans.factory.support.AbstractAutowireCapableBeanFactory.doCreateBean(AbstractAutowireCapableBeanFactory.java:505)
	at org.springframework.beans.factory.support.AbstractAutowireCapableBeanFactory.createBean(AbstractAutowireCapableBeanFactory.java:476)
	at org.springframework.beans.factory.support.AbstractBeanFactory$1.getObject(AbstractBeanFactory.java:302)
	at org.springframework.beans.factory.support.DefaultSingletonBeanRegistry.getSingleton(DefaultSingletonBeanRegistry.java:229)
	at org.springframework.beans.factory.support.AbstractBeanFactory.doGetBean(AbstractBeanFactory.java:298)
	at org.springframework.beans.factory.support.AbstractBeanFactory.getBean(AbstractBeanFactory.java:193)
	at org.springframework.beans.factory.support.DefaultListableBeanFactory.preInstantiateSingletons(DefaultListableBeanFactory.java:762)
	at org.springframework.context.support.AbstractApplicationContext.finishBeanFactoryInitialization(AbstractApplicationContext.java:757)
	at org.springframework.context.support.AbstractApplicationContext.refresh(AbstractApplicationContext.java:480)
	at org.springframework.web.context.ContextLoader.configureAndRefreshWebApplicationContext(ContextLoader.java:403)
	at org.springframework.web.context.ContextLoader.initWebApplicationContext(ContextLoader.java:306)
	at org.springframework.web.context.ContextLoaderListener.contextInitialized(ContextLoaderListener.java:106)
	at org.mortbay.jetty.handler.ContextHandler.startContext(ContextHandler.java:548)
	at org.mortbay.jetty.servlet.Context.startContext(Context.java:136)
	at org.mortbay.jetty.webapp.WebAppContext.startContext(WebAppContext.java:1250)
	at org.mortbay.jetty.handler.ContextHandler.doStart(ContextHandler.java:517)
	at org.mortbay.jetty.webapp.WebAppContext.doStart(WebAppContext.java:467)
	at org.mortbay.jetty.plugin.Jetty6PluginWebAppContext.doStart(Jetty6PluginWebAppContext.java:115)
	at org.mortbay.component.AbstractLifeCycle.start(AbstractLifeCycle.java:50)
	at org.mortbay.jetty.handler.HandlerCollection.doStart(HandlerCollection.java:152)
	at org.mortbay.jetty.handler.ContextHandlerCollection.doStart(ContextHandlerCollection.java:156)
	at org.mortbay.component.AbstractLifeCycle.start(AbstractLifeCycle.java:50)
	at org.mortbay.jetty.handler.HandlerCollection.doStart(HandlerCollection.java:152)
	at org.mortbay.component.AbstractLifeCycle.start(AbstractLifeCycle.java:50)
	at org.mortbay.jetty.handler.HandlerWrapper.doStart(HandlerWrapper.java:130)
	at org.mortbay.jetty.Server.doStart(Server.java:224)
	at org.mortbay.component.AbstractLifeCycle.start(AbstractLifeCycle.java:50)
	at org.mortbay.jetty.plugin.Jetty6PluginServer.start(Jetty6PluginServer.java:132)
	at org.mortbay.jetty.plugin.AbstractJettyMojo.startJetty(AbstractJettyMojo.java:441)
	at org.mortbay.jetty.plugin.AbstractJettyMojo.execute(AbstractJettyMojo.java:383)
	at org.mortbay.jetty.plugin.AbstractJettyRunMojo.execute(AbstractJettyRunMojo.java:210)
	at org.mortbay.jetty.plugin.Jetty6RunMojo.execute(Jetty6RunMojo.java:184)
	at org.apache.maven.plugin.DefaultBuildPluginManager.executeMojo(DefaultBuildPluginManager.java:133)
	at org.apache.maven.lifecycle.internal.MojoExecutor.execute(MojoExecutor.java:208)
	at org.apache.maven.lifecycle.internal.MojoExecutor.execute(MojoExecutor.java:153)
	at org.apache.maven.lifecycle.internal.MojoExecutor.execute(MojoExecutor.java:145)
	at org.apache.maven.lifecycle.internal.LifecycleModuleBuilder.buildProject(LifecycleModuleBuilder.java:108)
	at org.apache.maven.lifecycle.internal.LifecycleModuleBuilder.buildProject(LifecycleModuleBuilder.java:76)
	at org.apache.maven.lifecycle.internal.builder.singlethreaded.SingleThreadedBuilder.build(SingleThreadedBuilder.java:51)
	at org.apache.maven.lifecycle.internal.LifecycleStarter.execute(LifecycleStarter.java:116)
	at org.apache.maven.DefaultMaven.doExecute(DefaultMaven.java:361)
	at org.apache.maven.DefaultMaven.execute(DefaultMaven.java:155)
	at org.apache.maven.cli.MavenCli.execute(MavenCli.java:584)
	at org.apache.maven.cli.MavenCli.doMain(MavenCli.java:213)
	at org.apache.maven.cli.MavenCli.main(MavenCli.java:157)
	at sun.reflect.NativeMethodAccessorImpl.invoke0(Native Method)
	at sun.reflect.NativeMethodAccessorImpl.invoke(Unknown Source)
	at sun.reflect.DelegatingMethodAccessorImpl.invoke(Unknown Source)
	at java.lang.reflect.Method.invoke(Unknown Source)
	at org.codehaus.plexus.classworlds.launcher.Launcher.launchEnhanced(Launcher.java:289)
	at org.codehaus.plexus.classworlds.launcher.Launcher.launch(Launcher.java:229)
	at org.codehaus.plexus.classworlds.launcher.Launcher.mainWithExitCode(Launcher.java:415)
	at org.codehaus.plexus.classworlds.launcher.Launcher.main(Launcher.java:356)
Caused by: org.springframework.beans.factory.NoUniqueBeanDefinitionException: No qualifying bean of type [org.springframework.data.repository.Repository] is defined: expected single matching bean but found 3: memoItemRepository,memoRepository,userRepository
	at org.springframework.beans.factory.support.DefaultListableBeanFactory.doResolveDependency(DefaultListableBeanFactory.java:1061)
	at org.springframework.beans.factory.support.DefaultListableBeanFactory.resolveDependency(DefaultListableBeanFactory.java:949)
	at org.springframework.beans.factory.support.ConstructorResolver.resolveAutowiredArgument(ConstructorResolver.java:816)
	at org.springframework.beans.factory.support.ConstructorResolver.createArgumentArray(ConstructorResolver.java:744)
	... 56 more
2014-12-12 21:33:47,015 ERROR [org.springframework.web.context.ContextLoader:331] Context initialization failed
org.springframework.beans.factory.UnsatisfiedDependencyException: Error creating bean with name 'memoServiceHandler' defined in URL [jar:file:/F:/7Up/SevenUp/sevenup-service/target/SevenUp.jar!/org/sevenup/service/memo/MemoServiceHandler.class]: Unsatisfied dependency expressed through constructor argument with index 0 of type [org.springframework.data.repository.Repository]: : No qualifying bean of type [org.springframework.data.repository.Repository] is defined: expected single matching bean but found 3: memoItemRepository,memoRepository,userRepository; nested exception is org.springframework.beans.factory.NoUniqueBeanDefinitionException: No qualifying bean of type [org.springframework.data.repository.Repository] is defined: expected single matching bean but found 3: memoItemRepository,memoRepository,userRepository
	at org.springframework.beans.factory.support.ConstructorResolver.createArgumentArray(ConstructorResolver.java:752)
	at org.springframework.beans.factory.support.ConstructorResolver.autowireConstructor(ConstructorResolver.java:185)
	at org.springframework.beans.factory.support.AbstractAutowireCapableBeanFactory.autowireConstructor(AbstractAutowireCapableBeanFactory.java:1133)
	at org.springframework.beans.factory.support.AbstractAutowireCapableBeanFactory.createBeanInstance(AbstractAutowireCapableBeanFactory.java:1036)
	at org.springframework.beans.factory.support.AbstractAutowireCapableBeanFactory.doCreateBean(AbstractAutowireCapableBeanFactory.java:505)
	at org.springframework.beans.factory.support.AbstractAutowireCapableBeanFactory.createBean(AbstractAutowireCapableBeanFactory.java:476)
	at org.springframework.beans.factory.support.AbstractBeanFactory$1.getObject(AbstractBeanFactory.java:302)
	at org.springframework.beans.factory.support.DefaultSingletonBeanRegistry.getSingleton(DefaultSingletonBeanRegistry.java:229)
	at org.springframework.beans.factory.support.AbstractBeanFactory.doGetBean(AbstractBeanFactory.java:298)
	at org.springframework.beans.factory.support.AbstractBeanFactory.getBean(AbstractBeanFactory.java:193)
	at org.springframework.beans.factory.support.DefaultListableBeanFactory.preInstantiateSingletons(DefaultListableBeanFactory.java:762)
	at org.springframework.context.support.AbstractApplicationContext.finishBeanFactoryInitialization(AbstractApplicationContext.java:757)
	at org.springframework.context.support.AbstractApplicationContext.refresh(AbstractApplicationContext.java:480)
	at org.springframework.web.context.ContextLoader.configureAndRefreshWebApplicationContext(ContextLoader.java:403)
	at org.springframework.web.context.ContextLoader.initWebApplicationContext(ContextLoader.java:306)
	at org.springframework.web.context.ContextLoaderListener.contextInitialized(ContextLoaderListener.java:106)
	at org.mortbay.jetty.handler.ContextHandler.startContext(ContextHandler.java:548)
	at org.mortbay.jetty.servlet.Context.startContext(Context.java:136)
	at org.mortbay.jetty.webapp.WebAppContext.startContext(WebAppContext.java:1250)
	at org.mortbay.jetty.handler.ContextHandler.doStart(ContextHandler.java:517)
	at org.mortbay.jetty.webapp.WebAppContext.doStart(WebAppContext.java:467)
	at org.mortbay.jetty.plugin.Jetty6PluginWebAppContext.doStart(Jetty6PluginWebAppContext.java:115)
	at org.mortbay.component.AbstractLifeCycle.start(AbstractLifeCycle.java:50)
	at org.mortbay.jetty.handler.HandlerCollection.doStart(HandlerCollection.java:152)
	at org.mortbay.jetty.handler.ContextHandlerCollection.doStart(ContextHandlerCollection.java:156)
	at org.mortbay.component.AbstractLifeCycle.start(AbstractLifeCycle.java:50)
	at org.mortbay.jetty.handler.HandlerCollection.doStart(HandlerCollection.java:152)
	at org.mortbay.component.AbstractLifeCycle.start(AbstractLifeCycle.java:50)
	at org.mortbay.jetty.handler.HandlerWrapper.doStart(HandlerWrapper.java:130)
	at org.mortbay.jetty.Server.doStart(Server.java:224)
	at org.mortbay.component.AbstractLifeCycle.start(AbstractLifeCycle.java:50)
	at org.mortbay.jetty.plugin.Jetty6PluginServer.start(Jetty6PluginServer.java:132)
	at org.mortbay.jetty.plugin.AbstractJettyMojo.startJetty(AbstractJettyMojo.java:441)
	at org.mortbay.jetty.plugin.AbstractJettyMojo.execute(AbstractJettyMojo.java:383)
	at org.mortbay.jetty.plugin.AbstractJettyRunMojo.execute(AbstractJettyRunMojo.java:210)
	at org.mortbay.jetty.plugin.Jetty6RunMojo.execute(Jetty6RunMojo.java:184)
	at org.apache.maven.plugin.DefaultBuildPluginManager.executeMojo(DefaultBuildPluginManager.java:133)
	at org.apache.maven.lifecycle.internal.MojoExecutor.execute(MojoExecutor.java:208)
	at org.apache.maven.lifecycle.internal.MojoExecutor.execute(MojoExecutor.java:153)
	at org.apache.maven.lifecycle.internal.MojoExecutor.execute(MojoExecutor.java:145)
	at org.apache.maven.lifecycle.internal.LifecycleModuleBuilder.buildProject(LifecycleModuleBuilder.java:108)
	at org.apache.maven.lifecycle.internal.LifecycleModuleBuilder.buildProject(LifecycleModuleBuilder.java:76)
	at org.apache.maven.lifecycle.internal.builder.singlethreaded.SingleThreadedBuilder.build(SingleThreadedBuilder.java:51)
	at org.apache.maven.lifecycle.internal.LifecycleStarter.execute(LifecycleStarter.java:116)
	at org.apache.maven.DefaultMaven.doExecute(DefaultMaven.java:361)
	at org.apache.maven.DefaultMaven.execute(DefaultMaven.java:155)
	at org.apache.maven.cli.MavenCli.execute(MavenCli.java:584)
	at org.apache.maven.cli.MavenCli.doMain(MavenCli.java:213)
	at org.apache.maven.cli.MavenCli.main(MavenCli.java:157)
	at sun.reflect.NativeMethodAccessorImpl.invoke0(Native Method)
	at sun.reflect.NativeMethodAccessorImpl.invoke(Unknown Source)
	at sun.reflect.DelegatingMethodAccessorImpl.invoke(Unknown Source)
	at java.lang.reflect.Method.invoke(Unknown Source)
	at org.codehaus.plexus.classworlds.launcher.Launcher.launchEnhanced(Launcher.java:289)
	at org.codehaus.plexus.classworlds.launcher.Launcher.launch(Launcher.java:229)
	at org.codehaus.plexus.classworlds.launcher.Launcher.mainWithExitCode(Launcher.java:415)
	at org.codehaus.plexus.classworlds.launcher.Launcher.main(Launcher.java:356)
Caused by: org.springframework.beans.factory.NoUniqueBeanDefinitionException: No qualifying bean of type [org.springframework.data.repository.Repository] is defined: expected single matching bean but found 3: memoItemRepository,memoRepository,userRepository
	at org.springframework.beans.factory.support.DefaultListableBeanFactory.doResolveDependency(DefaultListableBeanFactory.java:1061)
	at org.springframework.beans.factory.support.DefaultListableBeanFactory.resolveDependency(DefaultListableBeanFactory.java:949)
	at org.springframework.beans.factory.support.ConstructorResolver.resolveAutowiredArgument(ConstructorResolver.java:816)
	at org.springframework.beans.factory.support.ConstructorResolver.createArgumentArray(ConstructorResolver.java:744)
	... 56 more
2014-12-12 22:00:02,541 INFO  [org.springframework.web.context.ContextLoader:285] Root WebApplicationContext: initialization started
2014-12-12 22:00:02,632 INFO  [org.springframework.web.context.support.XmlWebApplicationContext:510] Refreshing Root WebApplicationContext: startup date [Fri Dec 12 22:00:02 CST 2014]; root of context hierarchy
2014-12-12 22:00:02,680 INFO  [org.springframework.beans.factory.xml.XmlBeanDefinitionReader:317] Loading XML bean definitions from class path resource [spring/business-config.xml]
2014-12-12 22:00:02,801 INFO  [org.springframework.beans.factory.xml.XmlBeanDefinitionReader:317] Loading XML bean definitions from class path resource [spring/datasource-config.xml]
2014-12-12 22:00:02,969 INFO  [org.springframework.beans.factory.xml.XmlBeanDefinitionReader:317] Loading XML bean definitions from class path resource [spring/tools-config.xml]
2014-12-12 22:00:03,141 INFO  [org.springframework.beans.factory.config.PropertyPlaceholderConfigurer:172] Loading properties file from class path resource [spring/data-access.properties]
2014-12-12 22:00:03,159 INFO  [org.springframework.beans.factory.annotation.AutowiredAnnotationBeanPostProcessor:153] JSR-330 'javax.inject.Inject' annotation found and supported for autowiring
2014-12-12 22:00:03,709 WARN  [org.springframework.web.context.support.XmlWebApplicationContext:487] Exception encountered during context initialization - cancelling refresh attempt
org.springframework.beans.factory.UnsatisfiedDependencyException: Error creating bean with name 'memoServiceHandler' defined in URL [jar:file:/F:/7Up/SevenUp/sevenup-service/target/SevenUp.jar!/org/sevenup/service/memo/MemoServiceHandler.class]: Unsatisfied dependency expressed through constructor argument with index 0 of type [org.springframework.data.repository.Repository]: : No qualifying bean of type [org.springframework.data.repository.Repository] is defined: expected single matching bean but found 3: memoItemRepository,memoRepository,userRepositoryHandler; nested exception is org.springframework.beans.factory.NoUniqueBeanDefinitionException: No qualifying bean of type [org.springframework.data.repository.Repository] is defined: expected single matching bean but found 3: memoItemRepository,memoRepository,userRepositoryHandler
	at org.springframework.beans.factory.support.ConstructorResolver.createArgumentArray(ConstructorResolver.java:752)
	at org.springframework.beans.factory.support.ConstructorResolver.autowireConstructor(ConstructorResolver.java:185)
	at org.springframework.beans.factory.support.AbstractAutowireCapableBeanFactory.autowireConstructor(AbstractAutowireCapableBeanFactory.java:1133)
	at org.springframework.beans.factory.support.AbstractAutowireCapableBeanFactory.createBeanInstance(AbstractAutowireCapableBeanFactory.java:1036)
	at org.springframework.beans.factory.support.AbstractAutowireCapableBeanFactory.doCreateBean(AbstractAutowireCapableBeanFactory.java:505)
	at org.springframework.beans.factory.support.AbstractAutowireCapableBeanFactory.createBean(AbstractAutowireCapableBeanFactory.java:476)
	at org.springframework.beans.factory.support.AbstractBeanFactory$1.getObject(AbstractBeanFactory.java:302)
	at org.springframework.beans.factory.support.DefaultSingletonBeanRegistry.getSingleton(DefaultSingletonBeanRegistry.java:229)
	at org.springframework.beans.factory.support.AbstractBeanFactory.doGetBean(AbstractBeanFactory.java:298)
	at org.springframework.beans.factory.support.AbstractBeanFactory.getBean(AbstractBeanFactory.java:193)
	at org.springframework.beans.factory.support.DefaultListableBeanFactory.preInstantiateSingletons(DefaultListableBeanFactory.java:762)
	at org.springframework.context.support.AbstractApplicationContext.finishBeanFactoryInitialization(AbstractApplicationContext.java:757)
	at org.springframework.context.support.AbstractApplicationContext.refresh(AbstractApplicationContext.java:480)
	at org.springframework.web.context.ContextLoader.configureAndRefreshWebApplicationContext(ContextLoader.java:403)
	at org.springframework.web.context.ContextLoader.initWebApplicationContext(ContextLoader.java:306)
	at org.springframework.web.context.ContextLoaderListener.contextInitialized(ContextLoaderListener.java:106)
	at org.mortbay.jetty.handler.ContextHandler.startContext(ContextHandler.java:548)
	at org.mortbay.jetty.servlet.Context.startContext(Context.java:136)
	at org.mortbay.jetty.webapp.WebAppContext.startContext(WebAppContext.java:1250)
	at org.mortbay.jetty.handler.ContextHandler.doStart(ContextHandler.java:517)
	at org.mortbay.jetty.webapp.WebAppContext.doStart(WebAppContext.java:467)
	at org.mortbay.jetty.plugin.Jetty6PluginWebAppContext.doStart(Jetty6PluginWebAppContext.java:115)
	at org.mortbay.component.AbstractLifeCycle.start(AbstractLifeCycle.java:50)
	at org.mortbay.jetty.handler.HandlerCollection.doStart(HandlerCollection.java:152)
	at org.mortbay.jetty.handler.ContextHandlerCollection.doStart(ContextHandlerCollection.java:156)
	at org.mortbay.component.AbstractLifeCycle.start(AbstractLifeCycle.java:50)
	at org.mortbay.jetty.handler.HandlerCollection.doStart(HandlerCollection.java:152)
	at org.mortbay.component.AbstractLifeCycle.start(AbstractLifeCycle.java:50)
	at org.mortbay.jetty.handler.HandlerWrapper.doStart(HandlerWrapper.java:130)
	at org.mortbay.jetty.Server.doStart(Server.java:224)
	at org.mortbay.component.AbstractLifeCycle.start(AbstractLifeCycle.java:50)
	at org.mortbay.jetty.plugin.Jetty6PluginServer.start(Jetty6PluginServer.java:132)
	at org.mortbay.jetty.plugin.AbstractJettyMojo.startJetty(AbstractJettyMojo.java:441)
	at org.mortbay.jetty.plugin.AbstractJettyMojo.execute(AbstractJettyMojo.java:383)
	at org.mortbay.jetty.plugin.AbstractJettyRunMojo.execute(AbstractJettyRunMojo.java:210)
	at org.mortbay.jetty.plugin.Jetty6RunMojo.execute(Jetty6RunMojo.java:184)
	at org.apache.maven.plugin.DefaultBuildPluginManager.executeMojo(DefaultBuildPluginManager.java:133)
	at org.apache.maven.lifecycle.internal.MojoExecutor.execute(MojoExecutor.java:208)
	at org.apache.maven.lifecycle.internal.MojoExecutor.execute(MojoExecutor.java:153)
	at org.apache.maven.lifecycle.internal.MojoExecutor.execute(MojoExecutor.java:145)
	at org.apache.maven.lifecycle.internal.LifecycleModuleBuilder.buildProject(LifecycleModuleBuilder.java:108)
	at org.apache.maven.lifecycle.internal.LifecycleModuleBuilder.buildProject(LifecycleModuleBuilder.java:76)
	at org.apache.maven.lifecycle.internal.builder.singlethreaded.SingleThreadedBuilder.build(SingleThreadedBuilder.java:51)
	at org.apache.maven.lifecycle.internal.LifecycleStarter.execute(LifecycleStarter.java:116)
	at org.apache.maven.DefaultMaven.doExecute(DefaultMaven.java:361)
	at org.apache.maven.DefaultMaven.execute(DefaultMaven.java:155)
	at org.apache.maven.cli.MavenCli.execute(MavenCli.java:584)
	at org.apache.maven.cli.MavenCli.doMain(MavenCli.java:213)
	at org.apache.maven.cli.MavenCli.main(MavenCli.java:157)
	at sun.reflect.NativeMethodAccessorImpl.invoke0(Native Method)
	at sun.reflect.NativeMethodAccessorImpl.invoke(Unknown Source)
	at sun.reflect.DelegatingMethodAccessorImpl.invoke(Unknown Source)
	at java.lang.reflect.Method.invoke(Unknown Source)
	at org.codehaus.plexus.classworlds.launcher.Launcher.launchEnhanced(Launcher.java:289)
	at org.codehaus.plexus.classworlds.launcher.Launcher.launch(Launcher.java:229)
	at org.codehaus.plexus.classworlds.launcher.Launcher.mainWithExitCode(Launcher.java:415)
	at org.codehaus.plexus.classworlds.launcher.Launcher.main(Launcher.java:356)
Caused by: org.springframework.beans.factory.NoUniqueBeanDefinitionException: No qualifying bean of type [org.springframework.data.repository.Repository] is defined: expected single matching bean but found 3: memoItemRepository,memoRepository,userRepositoryHandler
	at org.springframework.beans.factory.support.DefaultListableBeanFactory.doResolveDependency(DefaultListableBeanFactory.java:1061)
	at org.springframework.beans.factory.support.DefaultListableBeanFactory.resolveDependency(DefaultListableBeanFactory.java:949)
	at org.springframework.beans.factory.support.ConstructorResolver.resolveAutowiredArgument(ConstructorResolver.java:816)
	at org.springframework.beans.factory.support.ConstructorResolver.createArgumentArray(ConstructorResolver.java:744)
	... 56 more
2014-12-12 22:00:03,771 ERROR [org.springframework.web.context.ContextLoader:331] Context initialization failed
org.springframework.beans.factory.UnsatisfiedDependencyException: Error creating bean with name 'memoServiceHandler' defined in URL [jar:file:/F:/7Up/SevenUp/sevenup-service/target/SevenUp.jar!/org/sevenup/service/memo/MemoServiceHandler.class]: Unsatisfied dependency expressed through constructor argument with index 0 of type [org.springframework.data.repository.Repository]: : No qualifying bean of type [org.springframework.data.repository.Repository] is defined: expected single matching bean but found 3: memoItemRepository,memoRepository,userRepositoryHandler; nested exception is org.springframework.beans.factory.NoUniqueBeanDefinitionException: No qualifying bean of type [org.springframework.data.repository.Repository] is defined: expected single matching bean but found 3: memoItemRepository,memoRepository,userRepositoryHandler
	at org.springframework.beans.factory.support.ConstructorResolver.createArgumentArray(ConstructorResolver.java:752)
	at org.springframework.beans.factory.support.ConstructorResolver.autowireConstructor(ConstructorResolver.java:185)
	at org.springframework.beans.factory.support.AbstractAutowireCapableBeanFactory.autowireConstructor(AbstractAutowireCapableBeanFactory.java:1133)
	at org.springframework.beans.factory.support.AbstractAutowireCapableBeanFactory.createBeanInstance(AbstractAutowireCapableBeanFactory.java:1036)
	at org.springframework.beans.factory.support.AbstractAutowireCapableBeanFactory.doCreateBean(AbstractAutowireCapableBeanFactory.java:505)
	at org.springframework.beans.factory.support.AbstractAutowireCapableBeanFactory.createBean(AbstractAutowireCapableBeanFactory.java:476)
	at org.springframework.beans.factory.support.AbstractBeanFactory$1.getObject(AbstractBeanFactory.java:302)
	at org.springframework.beans.factory.support.DefaultSingletonBeanRegistry.getSingleton(DefaultSingletonBeanRegistry.java:229)
	at org.springframework.beans.factory.support.AbstractBeanFactory.doGetBean(AbstractBeanFactory.java:298)
	at org.springframework.beans.factory.support.AbstractBeanFactory.getBean(AbstractBeanFactory.java:193)
	at org.springframework.beans.factory.support.DefaultListableBeanFactory.preInstantiateSingletons(DefaultListableBeanFactory.java:762)
	at org.springframework.context.support.AbstractApplicationContext.finishBeanFactoryInitialization(AbstractApplicationContext.java:757)
	at org.springframework.context.support.AbstractApplicationContext.refresh(AbstractApplicationContext.java:480)
	at org.springframework.web.context.ContextLoader.configureAndRefreshWebApplicationContext(ContextLoader.java:403)
	at org.springframework.web.context.ContextLoader.initWebApplicationContext(ContextLoader.java:306)
	at org.springframework.web.context.ContextLoaderListener.contextInitialized(ContextLoaderListener.java:106)
	at org.mortbay.jetty.handler.ContextHandler.startContext(ContextHandler.java:548)
	at org.mortbay.jetty.servlet.Context.startContext(Context.java:136)
	at org.mortbay.jetty.webapp.WebAppContext.startContext(WebAppContext.java:1250)
	at org.mortbay.jetty.handler.ContextHandler.doStart(ContextHandler.java:517)
	at org.mortbay.jetty.webapp.WebAppContext.doStart(WebAppContext.java:467)
	at org.mortbay.jetty.plugin.Jetty6PluginWebAppContext.doStart(Jetty6PluginWebAppContext.java:115)
	at org.mortbay.component.AbstractLifeCycle.start(AbstractLifeCycle.java:50)
	at org.mortbay.jetty.handler.HandlerCollection.doStart(HandlerCollection.java:152)
	at org.mortbay.jetty.handler.ContextHandlerCollection.doStart(ContextHandlerCollection.java:156)
	at org.mortbay.component.AbstractLifeCycle.start(AbstractLifeCycle.java:50)
	at org.mortbay.jetty.handler.HandlerCollection.doStart(HandlerCollection.java:152)
	at org.mortbay.component.AbstractLifeCycle.start(AbstractLifeCycle.java:50)
	at org.mortbay.jetty.handler.HandlerWrapper.doStart(HandlerWrapper.java:130)
	at org.mortbay.jetty.Server.doStart(Server.java:224)
	at org.mortbay.component.AbstractLifeCycle.start(AbstractLifeCycle.java:50)
	at org.mortbay.jetty.plugin.Jetty6PluginServer.start(Jetty6PluginServer.java:132)
	at org.mortbay.jetty.plugin.AbstractJettyMojo.startJetty(AbstractJettyMojo.java:441)
	at org.mortbay.jetty.plugin.AbstractJettyMojo.execute(AbstractJettyMojo.java:383)
	at org.mortbay.jetty.plugin.AbstractJettyRunMojo.execute(AbstractJettyRunMojo.java:210)
	at org.mortbay.jetty.plugin.Jetty6RunMojo.execute(Jetty6RunMojo.java:184)
	at org.apache.maven.plugin.DefaultBuildPluginManager.executeMojo(DefaultBuildPluginManager.java:133)
	at org.apache.maven.lifecycle.internal.MojoExecutor.execute(MojoExecutor.java:208)
	at org.apache.maven.lifecycle.internal.MojoExecutor.execute(MojoExecutor.java:153)
	at org.apache.maven.lifecycle.internal.MojoExecutor.execute(MojoExecutor.java:145)
	at org.apache.maven.lifecycle.internal.LifecycleModuleBuilder.buildProject(LifecycleModuleBuilder.java:108)
	at org.apache.maven.lifecycle.internal.LifecycleModuleBuilder.buildProject(LifecycleModuleBuilder.java:76)
	at org.apache.maven.lifecycle.internal.builder.singlethreaded.SingleThreadedBuilder.build(SingleThreadedBuilder.java:51)
	at org.apache.maven.lifecycle.internal.LifecycleStarter.execute(LifecycleStarter.java:116)
	at org.apache.maven.DefaultMaven.doExecute(DefaultMaven.java:361)
	at org.apache.maven.DefaultMaven.execute(DefaultMaven.java:155)
	at org.apache.maven.cli.MavenCli.execute(MavenCli.java:584)
	at org.apache.maven.cli.MavenCli.doMain(MavenCli.java:213)
	at org.apache.maven.cli.MavenCli.main(MavenCli.java:157)
	at sun.reflect.NativeMethodAccessorImpl.invoke0(Native Method)
	at sun.reflect.NativeMethodAccessorImpl.invoke(Unknown Source)
	at sun.reflect.DelegatingMethodAccessorImpl.invoke(Unknown Source)
	at java.lang.reflect.Method.invoke(Unknown Source)
	at org.codehaus.plexus.classworlds.launcher.Launcher.launchEnhanced(Launcher.java:289)
	at org.codehaus.plexus.classworlds.launcher.Launcher.launch(Launcher.java:229)
	at org.codehaus.plexus.classworlds.launcher.Launcher.mainWithExitCode(Launcher.java:415)
	at org.codehaus.plexus.classworlds.launcher.Launcher.main(Launcher.java:356)
Caused by: org.springframework.beans.factory.NoUniqueBeanDefinitionException: No qualifying bean of type [org.springframework.data.repository.Repository] is defined: expected single matching bean but found 3: memoItemRepository,memoRepository,userRepositoryHandler
	at org.springframework.beans.factory.support.DefaultListableBeanFactory.doResolveDependency(DefaultListableBeanFactory.java:1061)
	at org.springframework.beans.factory.support.DefaultListableBeanFactory.resolveDependency(DefaultListableBeanFactory.java:949)
	at org.springframework.beans.factory.support.ConstructorResolver.resolveAutowiredArgument(ConstructorResolver.java:816)
	at org.springframework.beans.factory.support.ConstructorResolver.createArgumentArray(ConstructorResolver.java:744)
	... 56 more
2014-12-12 22:02:31,425 INFO  [org.springframework.web.context.ContextLoader:285] Root WebApplicationContext: initialization started
2014-12-12 22:02:31,491 INFO  [org.springframework.web.context.support.XmlWebApplicationContext:510] Refreshing Root WebApplicationContext: startup date [Fri Dec 12 22:02:31 CST 2014]; root of context hierarchy
2014-12-12 22:02:31,529 INFO  [org.springframework.beans.factory.xml.XmlBeanDefinitionReader:317] Loading XML bean definitions from class path resource [spring/business-config.xml]
2014-12-12 22:02:31,625 INFO  [org.springframework.beans.factory.xml.XmlBeanDefinitionReader:317] Loading XML bean definitions from class path resource [spring/datasource-config.xml]
2014-12-12 22:02:31,771 INFO  [org.springframework.beans.factory.xml.XmlBeanDefinitionReader:317] Loading XML bean definitions from class path resource [spring/tools-config.xml]
2014-12-12 22:02:31,937 INFO  [org.springframework.beans.factory.config.PropertyPlaceholderConfigurer:172] Loading properties file from class path resource [spring/data-access.properties]
2014-12-12 22:02:31,955 INFO  [org.springframework.beans.factory.annotation.AutowiredAnnotationBeanPostProcessor:153] JSR-330 'javax.inject.Inject' annotation found and supported for autowiring
2014-12-12 22:02:32,399 INFO  [org.springframework.web.context.ContextLoader:325] Root WebApplicationContext: initialization completed in 972 ms
2014-12-12 22:02:32,451 INFO  [org.springframework.web.servlet.DispatcherServlet:484] FrameworkServlet 'SevenUp': initialization started
2014-12-12 22:02:32,454 INFO  [org.springframework.web.context.support.XmlWebApplicationContext:510] Refreshing WebApplicationContext for namespace 'SevenUp-servlet': startup date [Fri Dec 12 22:02:32 CST 2014]; parent: Root WebApplicationContext
2014-12-12 22:02:32,454 INFO  [org.springframework.beans.factory.xml.XmlBeanDefinitionReader:317] Loading XML bean definitions from class path resource [spring/mvc-core-config.xml]
2014-12-12 22:02:32,483 INFO  [org.springframework.beans.factory.xml.XmlBeanDefinitionReader:317] Loading XML bean definitions from class path resource [spring/mvc-view-config.xml]
2014-12-12 22:02:32,603 INFO  [org.springframework.beans.factory.annotation.AutowiredAnnotationBeanPostProcessor:153] JSR-330 'javax.inject.Inject' annotation found and supported for autowiring
2014-12-12 22:02:32,810 INFO  [org.springframework.web.servlet.mvc.method.annotation.RequestMappingHandlerMapping:220] Mapped "{[/accounts/signIn],methods=[POST],params=[],headers=[],consumes=[],produces=[],custom=[]}" onto public boolean org.sevenup.rest.controller.AccountController.createUser(org.sevenup.rest.controller.Account)
2014-12-12 22:02:32,811 INFO  [org.springframework.web.servlet.mvc.method.annotation.RequestMappingHandlerMapping:220] Mapped "{[/accounts],methods=[GET],params=[],headers=[],consumes=[],produces=[],custom=[]}" onto public java.util.List<org.sevenup.rest.controller.Account> org.sevenup.rest.controller.AccountController.getAllAccounts()
2014-12-12 22:02:32,811 INFO  [org.springframework.web.servlet.mvc.method.annotation.RequestMappingHandlerMapping:220] Mapped "{[/accounts/xxx],methods=[GET],params=[],headers=[],consumes=[],produces=[],custom=[]}" onto public org.springframework.http.ResponseEntity<java.util.List<org.sevenup.rest.controller.Account>> org.sevenup.rest.controller.AccountController.viewAccounts()
2014-12-12 22:02:32,813 INFO  [org.springframework.web.servlet.mvc.method.annotation.RequestMappingHandlerMapping:220] Mapped "{[/accounts/{id}],methods=[GET],params=[],headers=[],consumes=[],produces=[],custom=[]}" onto public org.springframework.http.ResponseEntity<org.sevenup.rest.controller.Account> org.sevenup.rest.controller.AccountController.viewAccount(java.lang.String)
2014-12-12 22:02:32,814 INFO  [org.springframework.web.servlet.mvc.method.annotation.RequestMappingHandlerMapping:220] Mapped "{[/accounts],methods=[POST],params=[],headers=[],consumes=[],produces=[],custom=[]}" onto public org.springframework.http.ResponseEntity<org.sevenup.rest.controller.Account> org.sevenup.rest.controller.AccountController.createAcount(org.sevenup.rest.controller.Account,org.springframework.web.util.UriComponentsBuilder)
2014-12-12 22:02:32,814 INFO  [org.springframework.web.servlet.mvc.method.annotation.RequestMappingHandlerMapping:220] Mapped "{[/accounts/signUp],methods=[POST],params=[],headers=[],consumes=[],produces=[],custom=[]}" onto public org.springframework.http.ResponseEntity<org.sevenup.rest.controller.Account> org.sevenup.rest.controller.AccountController.signUp(org.sevenup.rest.controller.Account)
2014-12-12 22:02:32,815 INFO  [org.springframework.web.servlet.mvc.method.annotation.RequestMappingHandlerMapping:220] Mapped "{[/memo],methods=[POST],params=[],headers=[],consumes=[],produces=[],custom=[]}" onto public org.springframework.http.ResponseEntity<org.sevenup.domain.memo.Memo> org.sevenup.rest.controller.memo.MemoController.createMemo(org.sevenup.domain.memo.Memo,org.springframework.web.util.UriComponentsBuilder)
2014-12-12 22:02:32,815 INFO  [org.springframework.web.servlet.mvc.method.annotation.RequestMappingHandlerMapping:220] Mapped "{[/memo],methods=[GET],params=[],headers=[],consumes=[],produces=[],custom=[]}" onto public org.sevenup.domain.memo.Memo org.sevenup.rest.controller.memo.MemoController.getMemo()
2014-12-12 22:02:32,817 INFO  [org.springframework.web.servlet.mvc.method.annotation.RequestMappingHandlerMapping:220] Mapped "{[/users],methods=[POST],params=[],headers=[],consumes=[],produces=[],custom=[]}" onto public org.springframework.http.ResponseEntity<org.sevenup.domain.user.User> org.sevenup.rest.controller.user.UserController.createUser(org.sevenup.domain.user.User,org.springframework.web.util.UriComponentsBuilder)
2014-12-12 22:02:32,817 INFO  [org.springframework.web.servlet.mvc.method.annotation.RequestMappingHandlerMapping:220] Mapped "{[/users/signIn],methods=[POST],params=[],headers=[],consumes=[],produces=[],custom=[]}" onto public boolean org.sevenup.rest.controller.user.UserController.signIn(org.sevenup.domain.user.User)
2014-12-12 22:02:32,818 INFO  [org.springframework.web.servlet.mvc.method.annotation.RequestMappingHandlerMapping:220] Mapped "{[/users/signUp],methods=[POST],params=[],headers=[],consumes=[],produces=[],custom=[]}" onto public org.springframework.http.ResponseEntity<org.sevenup.domain.user.User> org.sevenup.rest.controller.user.UserController.signUp(org.sevenup.domain.user.User)
2014-12-12 22:02:32,818 INFO  [org.springframework.web.servlet.mvc.method.annotation.RequestMappingHandlerMapping:220] Mapped "{[/users],methods=[GET],params=[],headers=[],consumes=[],produces=[],custom=[]}" onto public org.springframework.http.ResponseEntity<java.util.List<org.sevenup.domain.user.User>> org.sevenup.rest.controller.user.UserController.getUsers()
2014-12-12 22:02:32,818 INFO  [org.springframework.web.servlet.mvc.method.annotation.RequestMappingHandlerMapping:220] Mapped "{[/users/{id}],methods=[GET],params=[],headers=[],consumes=[],produces=[],custom=[]}" onto public org.springframework.http.ResponseEntity<org.sevenup.domain.user.User> org.sevenup.rest.controller.user.UserController.viewUser(java.lang.String)
2014-12-12 22:02:33,214 INFO  [org.springframework.web.servlet.mvc.method.annotation.RequestMappingHandlerAdapter:523] Looking for @ControllerAdvice: WebApplicationContext for namespace 'SevenUp-servlet': startup date [Fri Dec 12 22:02:32 CST 2014]; parent: Root WebApplicationContext
2014-12-12 22:02:33,252 INFO  [org.springframework.web.servlet.mvc.method.annotation.RequestMappingHandlerAdapter:523] Looking for @ControllerAdvice: WebApplicationContext for namespace 'SevenUp-servlet': startup date [Fri Dec 12 22:02:32 CST 2014]; parent: Root WebApplicationContext
2014-12-12 22:02:33,322 INFO  [org.springframework.web.servlet.handler.SimpleUrlHandlerMapping:314] Mapped URL path [/resources/**] onto handler 'org.springframework.web.servlet.resource.ResourceHttpRequestHandler#0'
2014-12-12 22:02:33,324 INFO  [org.springframework.web.servlet.handler.SimpleUrlHandlerMapping:314] Mapped URL path [/webjars/**] onto handler 'org.springframework.web.servlet.resource.ResourceHttpRequestHandler#1'
2014-12-12 22:02:33,331 INFO  [org.springframework.web.servlet.handler.SimpleUrlHandlerMapping:301] Root mapping to handler of type [class org.springframework.web.servlet.mvc.ParameterizableViewController]
2014-12-12 22:02:33,338 INFO  [org.springframework.web.servlet.handler.SimpleUrlHandlerMapping:314] Mapped URL path [/**] onto handler 'org.springframework.web.servlet.resource.DefaultServletHttpRequestHandler#0'
2014-12-12 22:02:33,364 INFO  [org.springframework.web.servlet.DispatcherServlet:503] FrameworkServlet 'SevenUp': initialization completed in 913 ms
2014-12-12 22:02:33,894 INFO  [org.springframework.web.context.support.XmlWebApplicationContext:862] Closing WebApplicationContext for namespace 'SevenUp-servlet': startup date [Fri Dec 12 22:02:32 CST 2014]; parent: Root WebApplicationContext
