2014-11-26 22:21:57,328 INFO  [org.springframework.web.context.ContextLoader:285] Root WebApplicationContext: initialization started
2014-11-26 22:21:57,525 INFO  [org.springframework.web.context.support.XmlWebApplicationContext:515] Refreshing Root WebApplicationContext: startup date [Wed Nov 26 22:21:57 CST 2014]; root of context hierarchy
2014-11-26 22:21:57,642 INFO  [org.springframework.beans.factory.xml.XmlBeanDefinitionReader:317] Loading XML bean definitions from class path resource [spring/business-config.xml]
2014-11-26 22:21:57,849 INFO  [org.springframework.beans.factory.xml.XmlBeanDefinitionReader:317] Loading XML bean definitions from class path resource [spring/datasource-config.xml]
2014-11-26 22:21:58,020 INFO  [org.springframework.beans.factory.xml.XmlBeanDefinitionReader:317] Loading XML bean definitions from class path resource [spring/tools-config.xml]
2014-11-26 22:21:58,368 INFO  [org.springframework.beans.factory.config.PropertyPlaceholderConfigurer:172] Loading properties file from class path resource [spring/data-access.properties]
2014-11-26 22:21:58,372 INFO  [org.springframework.beans.factory.annotation.AutowiredAnnotationBeanPostProcessor:141] JSR-330 'javax.inject.Inject' annotation found and supported for autowiring
2014-11-26 22:21:58,519 INFO  [org.springframework.web.context.ContextLoader:325] Root WebApplicationContext: initialization completed in 1185 ms
2014-11-26 22:21:58,582 INFO  [org.springframework.web.servlet.DispatcherServlet:479] FrameworkServlet 'SevenUp': initialization started
2014-11-26 22:21:58,588 INFO  [org.springframework.web.context.support.XmlWebApplicationContext:515] Refreshing WebApplicationContext for namespace 'SevenUp-servlet': startup date [Wed Nov 26 22:21:58 CST 2014]; parent: Root WebApplicationContext
2014-11-26 22:21:58,589 INFO  [org.springframework.beans.factory.xml.XmlBeanDefinitionReader:317] Loading XML bean definitions from class path resource [spring/mvc-core-config.xml]
2014-11-26 22:21:58,620 INFO  [org.springframework.beans.factory.xml.XmlBeanDefinitionReader:317] Loading XML bean definitions from class path resource [spring/mvc-view-config.xml]
2014-11-26 22:21:59,190 INFO  [org.springframework.beans.factory.annotation.AutowiredAnnotationBeanPostProcessor:141] JSR-330 'javax.inject.Inject' annotation found and supported for autowiring
2014-11-26 22:21:59,623 INFO  [org.springframework.web.servlet.mvc.method.annotation.RequestMappingHandlerMapping:197] Mapped "{[/accounts],methods=[GET],params=[],headers=[],consumes=[],produces=[],custom=[]}" onto public java.util.List<org.sevenup.rest.domain.Account> org.sevenup.rest.controller.AccountController.getAllAccounts()
2014-11-26 22:21:59,623 INFO  [org.springframework.web.servlet.mvc.method.annotation.RequestMappingHandlerMapping:197] Mapped "{[/accounts],methods=[POST],params=[],headers=[],consumes=[],produces=[],custom=[]}" onto public org.springframework.http.ResponseEntity<org.sevenup.rest.domain.Account> org.sevenup.rest.controller.AccountController.createAcount(org.sevenup.rest.domain.Account,org.springframework.web.util.UriComponentsBuilder)
2014-11-26 22:21:59,624 INFO  [org.springframework.web.servlet.mvc.method.annotation.RequestMappingHandlerMapping:197] Mapped "{[/accounts/{id}],methods=[GET],params=[],headers=[],consumes=[],produces=[],custom=[]}" onto public org.springframework.http.ResponseEntity<org.sevenup.rest.domain.Account> org.sevenup.rest.controller.AccountController.viewAccount(java.lang.String)
2014-11-26 22:21:59,625 INFO  [org.springframework.web.servlet.mvc.method.annotation.RequestMappingHandlerMapping:197] Mapped "{[/accounts/signIn],methods=[POST],params=[],headers=[],consumes=[],produces=[],custom=[]}" onto public boolean org.sevenup.rest.controller.AccountController.createUser(org.sevenup.rest.domain.Account)
2014-11-26 22:21:59,625 INFO  [org.springframework.web.servlet.mvc.method.annotation.RequestMappingHandlerMapping:197] Mapped "{[/accounts/signUp],methods=[POST],params=[],headers=[],consumes=[],produces=[],custom=[]}" onto public org.springframework.http.ResponseEntity<org.sevenup.rest.domain.Account> org.sevenup.rest.controller.AccountController.signUp(org.sevenup.rest.domain.Account)
2014-11-26 22:21:59,626 INFO  [org.springframework.web.servlet.mvc.method.annotation.RequestMappingHandlerMapping:197] Mapped "{[/login],methods=[POST],params=[],headers=[],consumes=[],produces=[],custom=[]}" onto public org.springframework.http.ResponseEntity<org.sevenup.rest.domain.Account> org.sevenup.rest.controller.LoginController.Login(org.sevenup.rest.domain.Account)
2014-11-26 22:21:59,627 INFO  [org.springframework.web.servlet.mvc.method.annotation.RequestMappingHandlerMapping:197] Mapped "{[/login2/{userName}],methods=[POST],params=[],headers=[],consumes=[],produces=[],custom=[]}" onto public org.springframework.http.ResponseEntity<org.sevenup.rest.domain.Account> org.sevenup.rest.controller.LoginController.Login2(java.lang.String)
2014-11-26 22:21:59,627 INFO  [org.springframework.web.servlet.mvc.method.annotation.RequestMappingHandlerMapping:197] Mapped "{[/cities],methods=[POST],params=[],headers=[],consumes=[],produces=[],custom=[]}" onto public java.lang.String[] org.sevenup.rest.controller.LoginController.cities(javax.servlet.http.HttpServletResponse)
2014-11-26 22:22:00,162 INFO  [org.springframework.web.servlet.handler.SimpleUrlHandlerMapping:315] Mapped URL path [/resources/**] onto handler 'org.springframework.web.servlet.resource.ResourceHttpRequestHandler#0'
2014-11-26 22:22:00,164 INFO  [org.springframework.web.servlet.handler.SimpleUrlHandlerMapping:315] Mapped URL path [/webjars/**] onto handler 'org.springframework.web.servlet.resource.ResourceHttpRequestHandler#1'
2014-11-26 22:22:00,174 INFO  [org.springframework.web.servlet.handler.SimpleUrlHandlerMapping:302] Root mapping to handler of type [class org.springframework.web.servlet.mvc.ParameterizableViewController]
2014-11-26 22:22:00,179 INFO  [org.springframework.web.servlet.handler.SimpleUrlHandlerMapping:315] Mapped URL path [/**] onto handler 'org.springframework.web.servlet.resource.DefaultServletHttpRequestHandler#0'
2014-11-26 22:22:00,218 INFO  [org.springframework.web.servlet.DispatcherServlet:498] FrameworkServlet 'SevenUp': initialization completed in 1636 ms
2014-11-26 22:23:14,219 INFO  [org.springframework.web.context.ContextLoader:285] Root WebApplicationContext: initialization started
2014-11-26 22:23:14,502 INFO  [org.springframework.web.context.support.XmlWebApplicationContext:515] Refreshing Root WebApplicationContext: startup date [Wed Nov 26 22:23:14 CST 2014]; root of context hierarchy
2014-11-26 22:23:14,714 INFO  [org.springframework.beans.factory.xml.XmlBeanDefinitionReader:317] Loading XML bean definitions from class path resource [spring/business-config.xml]
2014-11-26 22:23:14,998 INFO  [org.springframework.beans.factory.xml.XmlBeanDefinitionReader:317] Loading XML bean definitions from class path resource [spring/datasource-config.xml]
2014-11-26 22:23:15,132 INFO  [org.springframework.beans.factory.xml.XmlBeanDefinitionReader:317] Loading XML bean definitions from class path resource [spring/tools-config.xml]
2014-11-26 22:23:15,470 INFO  [org.springframework.beans.factory.config.PropertyPlaceholderConfigurer:172] Loading properties file from class path resource [spring/data-access.properties]
2014-11-26 22:23:15,477 INFO  [org.springframework.beans.factory.annotation.AutowiredAnnotationBeanPostProcessor:141] JSR-330 'javax.inject.Inject' annotation found and supported for autowiring
2014-11-26 22:23:15,595 INFO  [org.springframework.web.context.ContextLoader:325] Root WebApplicationContext: initialization completed in 1373 ms
2014-11-26 22:23:15,689 INFO  [org.springframework.web.servlet.DispatcherServlet:479] FrameworkServlet 'SevenUp': initialization started
2014-11-26 22:23:15,694 INFO  [org.springframework.web.context.support.XmlWebApplicationContext:515] Refreshing WebApplicationContext for namespace 'SevenUp-servlet': startup date [Wed Nov 26 22:23:15 CST 2014]; parent: Root WebApplicationContext
2014-11-26 22:23:15,695 INFO  [org.springframework.beans.factory.xml.XmlBeanDefinitionReader:317] Loading XML bean definitions from class path resource [spring/mvc-core-config.xml]
2014-11-26 22:23:15,722 INFO  [org.springframework.beans.factory.xml.XmlBeanDefinitionReader:317] Loading XML bean definitions from class path resource [spring/mvc-view-config.xml]
2014-11-26 22:23:16,276 INFO  [org.springframework.beans.factory.annotation.AutowiredAnnotationBeanPostProcessor:141] JSR-330 'javax.inject.Inject' annotation found and supported for autowiring
2014-11-26 22:23:16,642 INFO  [org.springframework.web.servlet.mvc.method.annotation.RequestMappingHandlerMapping:197] Mapped "{[/accounts],methods=[GET],params=[],headers=[],consumes=[],produces=[],custom=[]}" onto public java.util.List<org.sevenup.rest.domain.Account> org.sevenup.rest.controller.AccountController.getAllAccounts()
2014-11-26 22:23:16,642 INFO  [org.springframework.web.servlet.mvc.method.annotation.RequestMappingHandlerMapping:197] Mapped "{[/accounts],methods=[POST],params=[],headers=[],consumes=[],produces=[],custom=[]}" onto public org.springframework.http.ResponseEntity<org.sevenup.rest.domain.Account> org.sevenup.rest.controller.AccountController.createAcount(org.sevenup.rest.domain.Account,org.springframework.web.util.UriComponentsBuilder)
2014-11-26 22:23:16,643 INFO  [org.springframework.web.servlet.mvc.method.annotation.RequestMappingHandlerMapping:197] Mapped "{[/accounts/{id}],methods=[GET],params=[],headers=[],consumes=[],produces=[],custom=[]}" onto public org.springframework.http.ResponseEntity<org.sevenup.rest.domain.Account> org.sevenup.rest.controller.AccountController.viewAccount(java.lang.String)
2014-11-26 22:23:16,645 INFO  [org.springframework.web.servlet.mvc.method.annotation.RequestMappingHandlerMapping:197] Mapped "{[/accounts/signIn],methods=[POST],params=[],headers=[],consumes=[],produces=[],custom=[]}" onto public boolean org.sevenup.rest.controller.AccountController.createUser(org.sevenup.rest.domain.Account)
2014-11-26 22:23:16,645 INFO  [org.springframework.web.servlet.mvc.method.annotation.RequestMappingHandlerMapping:197] Mapped "{[/accounts/signUp],methods=[POST],params=[],headers=[],consumes=[],produces=[],custom=[]}" onto public org.springframework.http.ResponseEntity<org.sevenup.rest.domain.Account> org.sevenup.rest.controller.AccountController.signUp(org.sevenup.rest.domain.Account)
2014-11-26 22:23:16,647 INFO  [org.springframework.web.servlet.mvc.method.annotation.RequestMappingHandlerMapping:197] Mapped "{[/login],methods=[POST],params=[],headers=[],consumes=[],produces=[],custom=[]}" onto public org.springframework.http.ResponseEntity<org.sevenup.rest.domain.Account> org.sevenup.rest.controller.LoginController.Login(org.sevenup.rest.domain.Account)
2014-11-26 22:23:16,647 INFO  [org.springframework.web.servlet.mvc.method.annotation.RequestMappingHandlerMapping:197] Mapped "{[/login2/{userName}],methods=[POST],params=[],headers=[],consumes=[],produces=[],custom=[]}" onto public org.springframework.http.ResponseEntity<org.sevenup.rest.domain.Account> org.sevenup.rest.controller.LoginController.Login2(java.lang.String)
2014-11-26 22:23:16,648 INFO  [org.springframework.web.servlet.mvc.method.annotation.RequestMappingHandlerMapping:197] Mapped "{[/cities],methods=[POST],params=[],headers=[],consumes=[],produces=[],custom=[]}" onto public java.lang.String[] org.sevenup.rest.controller.LoginController.cities(javax.servlet.http.HttpServletResponse)
2014-11-26 22:23:17,051 INFO  [org.springframework.web.servlet.handler.SimpleUrlHandlerMapping:315] Mapped URL path [/resources/**] onto handler 'org.springframework.web.servlet.resource.ResourceHttpRequestHandler#0'
2014-11-26 22:23:17,063 INFO  [org.springframework.web.servlet.handler.SimpleUrlHandlerMapping:315] Mapped URL path [/webjars/**] onto handler 'org.springframework.web.servlet.resource.ResourceHttpRequestHandler#1'
2014-11-26 22:23:17,074 INFO  [org.springframework.web.servlet.handler.SimpleUrlHandlerMapping:302] Root mapping to handler of type [class org.springframework.web.servlet.mvc.ParameterizableViewController]
2014-11-26 22:23:17,081 INFO  [org.springframework.web.servlet.handler.SimpleUrlHandlerMapping:315] Mapped URL path [/**] onto handler 'org.springframework.web.servlet.resource.DefaultServletHttpRequestHandler#0'
2014-11-26 22:23:17,144 INFO  [org.springframework.web.servlet.DispatcherServlet:498] FrameworkServlet 'SevenUp': initialization completed in 1455 ms
2014-11-26 22:24:20,864 INFO  [org.springframework.web.context.ContextLoader:285] Root WebApplicationContext: initialization started
2014-11-26 22:24:21,059 INFO  [org.springframework.web.context.support.XmlWebApplicationContext:515] Refreshing Root WebApplicationContext: startup date [Wed Nov 26 22:24:21 CST 2014]; root of context hierarchy
2014-11-26 22:24:21,145 INFO  [org.springframework.beans.factory.xml.XmlBeanDefinitionReader:317] Loading XML bean definitions from class path resource [spring/business-config.xml]
2014-11-26 22:24:21,383 INFO  [org.springframework.beans.factory.xml.XmlBeanDefinitionReader:317] Loading XML bean definitions from class path resource [spring/datasource-config.xml]
2014-11-26 22:24:21,522 INFO  [org.springframework.beans.factory.xml.XmlBeanDefinitionReader:317] Loading XML bean definitions from class path resource [spring/tools-config.xml]
2014-11-26 22:24:21,781 INFO  [org.springframework.beans.factory.config.PropertyPlaceholderConfigurer:172] Loading properties file from class path resource [spring/data-access.properties]
2014-11-26 22:24:21,790 INFO  [org.springframework.beans.factory.annotation.AutowiredAnnotationBeanPostProcessor:141] JSR-330 'javax.inject.Inject' annotation found and supported for autowiring
2014-11-26 22:24:21,921 INFO  [org.springframework.web.context.ContextLoader:325] Root WebApplicationContext: initialization completed in 1053 ms
2014-11-26 22:24:21,995 INFO  [org.springframework.web.servlet.DispatcherServlet:479] FrameworkServlet 'SevenUp': initialization started
2014-11-26 22:24:22,000 INFO  [org.springframework.web.context.support.XmlWebApplicationContext:515] Refreshing WebApplicationContext for namespace 'SevenUp-servlet': startup date [Wed Nov 26 22:24:22 CST 2014]; parent: Root WebApplicationContext
2014-11-26 22:24:22,001 INFO  [org.springframework.beans.factory.xml.XmlBeanDefinitionReader:317] Loading XML bean definitions from class path resource [spring/mvc-core-config.xml]
2014-11-26 22:24:22,032 INFO  [org.springframework.beans.factory.xml.XmlBeanDefinitionReader:317] Loading XML bean definitions from class path resource [spring/mvc-view-config.xml]
2014-11-26 22:24:22,562 INFO  [org.springframework.beans.factory.annotation.AutowiredAnnotationBeanPostProcessor:141] JSR-330 'javax.inject.Inject' annotation found and supported for autowiring
2014-11-26 22:24:22,898 INFO  [org.springframework.web.servlet.mvc.method.annotation.RequestMappingHandlerMapping:197] Mapped "{[/accounts],methods=[GET],params=[],headers=[],consumes=[],produces=[],custom=[]}" onto public java.util.List<org.sevenup.rest.domain.Account> org.sevenup.rest.controller.AccountController.getAllAccounts()
2014-11-26 22:24:22,898 INFO  [org.springframework.web.servlet.mvc.method.annotation.RequestMappingHandlerMapping:197] Mapped "{[/accounts],methods=[POST],params=[],headers=[],consumes=[],produces=[],custom=[]}" onto public org.springframework.http.ResponseEntity<org.sevenup.rest.domain.Account> org.sevenup.rest.controller.AccountController.createAcount(org.sevenup.rest.domain.Account,org.springframework.web.util.UriComponentsBuilder)
2014-11-26 22:24:22,899 INFO  [org.springframework.web.servlet.mvc.method.annotation.RequestMappingHandlerMapping:197] Mapped "{[/accounts/{id}],methods=[GET],params=[],headers=[],consumes=[],produces=[],custom=[]}" onto public org.springframework.http.ResponseEntity<org.sevenup.rest.domain.Account> org.sevenup.rest.controller.AccountController.viewAccount(java.lang.String)
2014-11-26 22:24:22,900 INFO  [org.springframework.web.servlet.mvc.method.annotation.RequestMappingHandlerMapping:197] Mapped "{[/accounts/signIn],methods=[POST],params=[],headers=[],consumes=[],produces=[],custom=[]}" onto public boolean org.sevenup.rest.controller.AccountController.createUser(org.sevenup.rest.domain.Account)
2014-11-26 22:24:22,901 INFO  [org.springframework.web.servlet.mvc.method.annotation.RequestMappingHandlerMapping:197] Mapped "{[/accounts/signUp],methods=[POST],params=[],headers=[],consumes=[],produces=[],custom=[]}" onto public org.springframework.http.ResponseEntity<org.sevenup.rest.domain.Account> org.sevenup.rest.controller.AccountController.signUp(org.sevenup.rest.domain.Account)
2014-11-26 22:24:22,902 INFO  [org.springframework.web.servlet.mvc.method.annotation.RequestMappingHandlerMapping:197] Mapped "{[/login],methods=[POST],params=[],headers=[],consumes=[],produces=[],custom=[]}" onto public org.springframework.http.ResponseEntity<org.sevenup.rest.domain.Account> org.sevenup.rest.controller.LoginController.Login(org.sevenup.rest.domain.Account)
2014-11-26 22:24:22,903 INFO  [org.springframework.web.servlet.mvc.method.annotation.RequestMappingHandlerMapping:197] Mapped "{[/login2/{userName}],methods=[POST],params=[],headers=[],consumes=[],produces=[],custom=[]}" onto public org.springframework.http.ResponseEntity<org.sevenup.rest.domain.Account> org.sevenup.rest.controller.LoginController.Login2(java.lang.String)
2014-11-26 22:24:22,903 INFO  [org.springframework.web.servlet.mvc.method.annotation.RequestMappingHandlerMapping:197] Mapped "{[/cities],methods=[POST],params=[],headers=[],consumes=[],produces=[],custom=[]}" onto public java.lang.String[] org.sevenup.rest.controller.LoginController.cities(javax.servlet.http.HttpServletResponse)
2014-11-26 22:24:23,399 INFO  [org.springframework.web.servlet.handler.SimpleUrlHandlerMapping:315] Mapped URL path [/resources/**] onto handler 'org.springframework.web.servlet.resource.ResourceHttpRequestHandler#0'
2014-11-26 22:24:23,410 INFO  [org.springframework.web.servlet.handler.SimpleUrlHandlerMapping:315] Mapped URL path [/webjars/**] onto handler 'org.springframework.web.servlet.resource.ResourceHttpRequestHandler#1'
2014-11-26 22:24:23,421 INFO  [org.springframework.web.servlet.handler.SimpleUrlHandlerMapping:302] Root mapping to handler of type [class org.springframework.web.servlet.mvc.ParameterizableViewController]
2014-11-26 22:24:23,427 INFO  [org.springframework.web.servlet.handler.SimpleUrlHandlerMapping:315] Mapped URL path [/**] onto handler 'org.springframework.web.servlet.resource.DefaultServletHttpRequestHandler#0'
2014-11-26 22:24:23,459 INFO  [org.springframework.web.servlet.DispatcherServlet:498] FrameworkServlet 'SevenUp': initialization completed in 1464 ms
2014-11-26 23:03:49,344 INFO  [org.springframework.web.context.ContextLoader:285] Root WebApplicationContext: initialization started
2014-11-26 23:03:49,652 INFO  [org.springframework.web.context.support.XmlWebApplicationContext:515] Refreshing Root WebApplicationContext: startup date [Wed Nov 26 23:03:49 CST 2014]; root of context hierarchy
2014-11-26 23:03:49,769 INFO  [org.springframework.beans.factory.xml.XmlBeanDefinitionReader:317] Loading XML bean definitions from class path resource [spring/business-config.xml]
2014-11-26 23:03:50,017 INFO  [org.springframework.beans.factory.xml.XmlBeanDefinitionReader:317] Loading XML bean definitions from class path resource [spring/datasource-config.xml]
2014-11-26 23:03:50,174 INFO  [org.springframework.beans.factory.xml.XmlBeanDefinitionReader:317] Loading XML bean definitions from class path resource [spring/tools-config.xml]
2014-11-26 23:03:50,501 INFO  [org.springframework.beans.factory.config.PropertyPlaceholderConfigurer:172] Loading properties file from class path resource [spring/data-access.properties]
2014-11-26 23:03:50,505 INFO  [org.springframework.beans.factory.annotation.AutowiredAnnotationBeanPostProcessor:141] JSR-330 'javax.inject.Inject' annotation found and supported for autowiring
2014-11-26 23:03:50,602 INFO  [org.springframework.web.context.ContextLoader:325] Root WebApplicationContext: initialization completed in 1254 ms
2014-11-26 23:03:50,678 INFO  [org.springframework.web.servlet.DispatcherServlet:479] FrameworkServlet 'SevenUp': initialization started
2014-11-26 23:03:50,683 INFO  [org.springframework.web.context.support.XmlWebApplicationContext:515] Refreshing WebApplicationContext for namespace 'SevenUp-servlet': startup date [Wed Nov 26 23:03:50 CST 2014]; parent: Root WebApplicationContext
2014-11-26 23:03:50,684 INFO  [org.springframework.beans.factory.xml.XmlBeanDefinitionReader:317] Loading XML bean definitions from class path resource [spring/mvc-core-config.xml]
2014-11-26 23:03:50,719 INFO  [org.springframework.beans.factory.xml.XmlBeanDefinitionReader:317] Loading XML bean definitions from class path resource [spring/mvc-view-config.xml]
2014-11-26 23:03:51,161 INFO  [org.springframework.beans.factory.annotation.AutowiredAnnotationBeanPostProcessor:141] JSR-330 'javax.inject.Inject' annotation found and supported for autowiring
2014-11-26 23:03:51,506 INFO  [org.springframework.web.servlet.mvc.method.annotation.RequestMappingHandlerMapping:197] Mapped "{[/accounts],methods=[GET],params=[],headers=[],consumes=[],produces=[],custom=[]}" onto public java.util.List<org.sevenup.rest.domain.Account> org.sevenup.rest.controller.AccountController.getAllAccounts()
2014-11-26 23:03:51,507 INFO  [org.springframework.web.servlet.mvc.method.annotation.RequestMappingHandlerMapping:197] Mapped "{[/accounts],methods=[POST],params=[],headers=[],consumes=[],produces=[],custom=[]}" onto public org.springframework.http.ResponseEntity<org.sevenup.rest.domain.Account> org.sevenup.rest.controller.AccountController.createAcount(org.sevenup.rest.domain.Account,org.springframework.web.util.UriComponentsBuilder)
2014-11-26 23:03:51,507 INFO  [org.springframework.web.servlet.mvc.method.annotation.RequestMappingHandlerMapping:197] Mapped "{[/accounts/{id}],methods=[GET],params=[],headers=[],consumes=[],produces=[],custom=[]}" onto public org.springframework.http.ResponseEntity<org.sevenup.rest.domain.Account> org.sevenup.rest.controller.AccountController.viewAccount(java.lang.String)
2014-11-26 23:03:51,509 INFO  [org.springframework.web.servlet.mvc.method.annotation.RequestMappingHandlerMapping:197] Mapped "{[/accounts/signIn],methods=[POST],params=[],headers=[],consumes=[],produces=[],custom=[]}" onto public boolean org.sevenup.rest.controller.AccountController.createUser(org.sevenup.rest.domain.Account)
2014-11-26 23:03:51,509 INFO  [org.springframework.web.servlet.mvc.method.annotation.RequestMappingHandlerMapping:197] Mapped "{[/accounts/signUp],methods=[POST],params=[],headers=[],consumes=[],produces=[],custom=[]}" onto public org.springframework.http.ResponseEntity<org.sevenup.rest.domain.Account> org.sevenup.rest.controller.AccountController.signUp(org.sevenup.rest.domain.Account)
2014-11-26 23:03:51,510 INFO  [org.springframework.web.servlet.mvc.method.annotation.RequestMappingHandlerMapping:197] Mapped "{[/login],methods=[POST],params=[],headers=[],consumes=[],produces=[],custom=[]}" onto public org.springframework.http.ResponseEntity<org.sevenup.rest.domain.Account> org.sevenup.rest.controller.LoginController.Login(org.sevenup.rest.domain.Account)
2014-11-26 23:03:51,510 INFO  [org.springframework.web.servlet.mvc.method.annotation.RequestMappingHandlerMapping:197] Mapped "{[/login2/{userName}],methods=[POST],params=[],headers=[],consumes=[],produces=[],custom=[]}" onto public org.springframework.http.ResponseEntity<org.sevenup.rest.domain.Account> org.sevenup.rest.controller.LoginController.Login2(java.lang.String)
2014-11-26 23:03:51,510 INFO  [org.springframework.web.servlet.mvc.method.annotation.RequestMappingHandlerMapping:197] Mapped "{[/cities],methods=[POST],params=[],headers=[],consumes=[],produces=[],custom=[]}" onto public java.lang.String[] org.sevenup.rest.controller.LoginController.cities(javax.servlet.http.HttpServletResponse)
2014-11-26 23:03:51,846 INFO  [org.springframework.web.servlet.handler.SimpleUrlHandlerMapping:315] Mapped URL path [/resources/**] onto handler 'org.springframework.web.servlet.resource.ResourceHttpRequestHandler#0'
2014-11-26 23:03:51,848 INFO  [org.springframework.web.servlet.handler.SimpleUrlHandlerMapping:315] Mapped URL path [/webjars/**] onto handler 'org.springframework.web.servlet.resource.ResourceHttpRequestHandler#1'
2014-11-26 23:03:51,869 INFO  [org.springframework.web.servlet.handler.SimpleUrlHandlerMapping:302] Root mapping to handler of type [class org.springframework.web.servlet.mvc.ParameterizableViewController]
2014-11-26 23:03:51,876 INFO  [org.springframework.web.servlet.handler.SimpleUrlHandlerMapping:315] Mapped URL path [/**] onto handler 'org.springframework.web.servlet.resource.DefaultServletHttpRequestHandler#0'
2014-11-26 23:03:51,967 INFO  [org.springframework.web.servlet.DispatcherServlet:498] FrameworkServlet 'SevenUp': initialization completed in 1289 ms
2014-11-26 23:03:52,684 INFO  [org.springframework.web.context.support.XmlWebApplicationContext:875] Closing WebApplicationContext for namespace 'SevenUp-servlet': startup date [Wed Nov 26 23:03:50 CST 2014]; parent: Root WebApplicationContext
2014-11-26 23:06:16,081 INFO  [org.springframework.web.context.ContextLoader:285] Root WebApplicationContext: initialization started
2014-11-26 23:06:16,333 INFO  [org.springframework.web.context.support.XmlWebApplicationContext:515] Refreshing Root WebApplicationContext: startup date [Wed Nov 26 23:06:16 CST 2014]; root of context hierarchy
2014-11-26 23:06:16,484 INFO  [org.springframework.beans.factory.xml.XmlBeanDefinitionReader:317] Loading XML bean definitions from class path resource [spring/business-config.xml]
2014-11-26 23:06:16,879 INFO  [org.springframework.beans.factory.xml.XmlBeanDefinitionReader:317] Loading XML bean definitions from class path resource [spring/datasource-config.xml]
2014-11-26 23:06:17,017 INFO  [org.springframework.beans.factory.xml.XmlBeanDefinitionReader:317] Loading XML bean definitions from class path resource [spring/tools-config.xml]
2014-11-26 23:06:17,472 INFO  [org.springframework.beans.factory.config.PropertyPlaceholderConfigurer:172] Loading properties file from class path resource [spring/data-access.properties]
2014-11-26 23:06:17,531 INFO  [org.springframework.beans.factory.annotation.AutowiredAnnotationBeanPostProcessor:141] JSR-330 'javax.inject.Inject' annotation found and supported for autowiring
2014-11-26 23:06:17,637 INFO  [org.springframework.web.context.ContextLoader:325] Root WebApplicationContext: initialization completed in 1552 ms
2014-11-26 23:06:17,738 INFO  [org.springframework.web.servlet.DispatcherServlet:479] FrameworkServlet 'SevenUp': initialization started
2014-11-26 23:06:17,754 INFO  [org.springframework.web.context.support.XmlWebApplicationContext:515] Refreshing WebApplicationContext for namespace 'SevenUp-servlet': startup date [Wed Nov 26 23:06:17 CST 2014]; parent: Root WebApplicationContext
2014-11-26 23:06:17,757 INFO  [org.springframework.beans.factory.xml.XmlBeanDefinitionReader:317] Loading XML bean definitions from class path resource [spring/mvc-core-config.xml]
2014-11-26 23:06:17,845 INFO  [org.springframework.beans.factory.xml.XmlBeanDefinitionReader:317] Loading XML bean definitions from class path resource [spring/mvc-view-config.xml]
2014-11-26 23:06:18,365 INFO  [org.springframework.beans.factory.annotation.AutowiredAnnotationBeanPostProcessor:141] JSR-330 'javax.inject.Inject' annotation found and supported for autowiring
2014-11-26 23:06:18,684 INFO  [org.springframework.web.servlet.mvc.method.annotation.RequestMappingHandlerMapping:197] Mapped "{[/accounts],methods=[GET],params=[],headers=[],consumes=[],produces=[],custom=[]}" onto public java.util.List<org.sevenup.rest.domain.Account> org.sevenup.rest.controller.AccountController.getAllAccounts()
2014-11-26 23:06:18,685 INFO  [org.springframework.web.servlet.mvc.method.annotation.RequestMappingHandlerMapping:197] Mapped "{[/accounts],methods=[POST],params=[],headers=[],consumes=[],produces=[],custom=[]}" onto public org.springframework.http.ResponseEntity<org.sevenup.rest.domain.Account> org.sevenup.rest.controller.AccountController.createAcount(org.sevenup.rest.domain.Account,org.springframework.web.util.UriComponentsBuilder)
2014-11-26 23:06:18,685 INFO  [org.springframework.web.servlet.mvc.method.annotation.RequestMappingHandlerMapping:197] Mapped "{[/accounts/{id}],methods=[GET],params=[],headers=[],consumes=[],produces=[],custom=[]}" onto public org.springframework.http.ResponseEntity<org.sevenup.rest.domain.Account> org.sevenup.rest.controller.AccountController.viewAccount(java.lang.String)
2014-11-26 23:06:18,687 INFO  [org.springframework.web.servlet.mvc.method.annotation.RequestMappingHandlerMapping:197] Mapped "{[/accounts/signIn],methods=[POST],params=[],headers=[],consumes=[],produces=[],custom=[]}" onto public boolean org.sevenup.rest.controller.AccountController.createUser(org.sevenup.rest.domain.Account)
2014-11-26 23:06:18,687 INFO  [org.springframework.web.servlet.mvc.method.annotation.RequestMappingHandlerMapping:197] Mapped "{[/accounts/signUp],methods=[POST],params=[],headers=[],consumes=[],produces=[],custom=[]}" onto public org.springframework.http.ResponseEntity<org.sevenup.rest.domain.Account> org.sevenup.rest.controller.AccountController.signUp(org.sevenup.rest.domain.Account)
2014-11-26 23:06:18,688 INFO  [org.springframework.web.servlet.mvc.method.annotation.RequestMappingHandlerMapping:197] Mapped "{[/login],methods=[POST],params=[],headers=[],consumes=[],produces=[],custom=[]}" onto public org.springframework.http.ResponseEntity<org.sevenup.rest.domain.Account> org.sevenup.rest.controller.LoginController.Login(org.sevenup.rest.domain.Account)
2014-11-26 23:06:18,689 INFO  [org.springframework.web.servlet.mvc.method.annotation.RequestMappingHandlerMapping:197] Mapped "{[/login2/{userName}],methods=[POST],params=[],headers=[],consumes=[],produces=[],custom=[]}" onto public org.springframework.http.ResponseEntity<org.sevenup.rest.domain.Account> org.sevenup.rest.controller.LoginController.Login2(java.lang.String)
2014-11-26 23:06:18,689 INFO  [org.springframework.web.servlet.mvc.method.annotation.RequestMappingHandlerMapping:197] Mapped "{[/cities],methods=[POST],params=[],headers=[],consumes=[],produces=[],custom=[]}" onto public java.lang.String[] org.sevenup.rest.controller.LoginController.cities(javax.servlet.http.HttpServletResponse)
2014-11-26 23:06:19,026 INFO  [org.springframework.web.servlet.handler.SimpleUrlHandlerMapping:315] Mapped URL path [/resources/**] onto handler 'org.springframework.web.servlet.resource.ResourceHttpRequestHandler#0'
2014-11-26 23:06:19,038 INFO  [org.springframework.web.servlet.handler.SimpleUrlHandlerMapping:315] Mapped URL path [/webjars/**] onto handler 'org.springframework.web.servlet.resource.ResourceHttpRequestHandler#1'
2014-11-26 23:06:19,048 INFO  [org.springframework.web.servlet.handler.SimpleUrlHandlerMapping:302] Root mapping to handler of type [class org.springframework.web.servlet.mvc.ParameterizableViewController]
2014-11-26 23:06:19,055 INFO  [org.springframework.web.servlet.handler.SimpleUrlHandlerMapping:315] Mapped URL path [/**] onto handler 'org.springframework.web.servlet.resource.DefaultServletHttpRequestHandler#0'
2014-11-26 23:06:19,090 INFO  [org.springframework.web.servlet.DispatcherServlet:498] FrameworkServlet 'SevenUp': initialization completed in 1352 ms
2014-11-26 23:07:54,552 INFO  [org.springframework.web.context.ContextLoader:285] Root WebApplicationContext: initialization started
2014-11-26 23:07:54,786 INFO  [org.springframework.web.context.support.XmlWebApplicationContext:513] Refreshing Root WebApplicationContext: startup date [Wed Nov 26 23:07:54 CST 2014]; root of context hierarchy
2014-11-26 23:07:54,845 INFO  [org.springframework.beans.factory.xml.XmlBeanDefinitionReader:316] Loading XML bean definitions from class path resource [spring/business-config.xml]
2014-11-26 23:07:55,113 INFO  [org.springframework.beans.factory.xml.XmlBeanDefinitionReader:316] Loading XML bean definitions from class path resource [spring/datasource-config.xml]
2014-11-26 23:07:55,265 INFO  [org.springframework.beans.factory.xml.XmlBeanDefinitionReader:316] Loading XML bean definitions from class path resource [spring/tools-config.xml]
2014-11-26 23:07:55,519 INFO  [org.springframework.beans.factory.config.PropertyPlaceholderConfigurer:172] Loading properties file from class path resource [spring/data-access.properties]
2014-11-26 23:07:55,525 INFO  [org.springframework.beans.factory.annotation.AutowiredAnnotationBeanPostProcessor:141] JSR-330 'javax.inject.Inject' annotation found and supported for autowiring
2014-11-26 23:07:55,621 INFO  [org.springframework.web.context.ContextLoader:325] Root WebApplicationContext: initialization completed in 1066 ms
2014-11-26 23:07:55,687 INFO  [org.springframework.web.servlet.DispatcherServlet:479] FrameworkServlet 'SevenUp': initialization started
2014-11-26 23:07:55,694 INFO  [org.springframework.web.context.support.XmlWebApplicationContext:513] Refreshing WebApplicationContext for namespace 'SevenUp-servlet': startup date [Wed Nov 26 23:07:55 CST 2014]; parent: Root WebApplicationContext
2014-11-26 23:07:55,695 INFO  [org.springframework.beans.factory.xml.XmlBeanDefinitionReader:316] Loading XML bean definitions from class path resource [spring/mvc-core-config.xml]
2014-11-26 23:07:55,728 INFO  [org.springframework.beans.factory.xml.XmlBeanDefinitionReader:316] Loading XML bean definitions from class path resource [spring/mvc-view-config.xml]
2014-11-26 23:07:56,115 INFO  [org.springframework.beans.factory.annotation.AutowiredAnnotationBeanPostProcessor:141] JSR-330 'javax.inject.Inject' annotation found and supported for autowiring
2014-11-26 23:07:56,405 INFO  [org.springframework.web.servlet.mvc.method.annotation.RequestMappingHandlerMapping:197] Mapped "{[/accounts],methods=[GET],params=[],headers=[],consumes=[],produces=[],custom=[]}" onto public java.util.List<org.sevenup.rest.domain.Account> org.sevenup.rest.controller.AccountController.getAllAccounts()
2014-11-26 23:07:56,406 INFO  [org.springframework.web.servlet.mvc.method.annotation.RequestMappingHandlerMapping:197] Mapped "{[/accounts],methods=[POST],params=[],headers=[],consumes=[],produces=[],custom=[]}" onto public org.springframework.http.ResponseEntity<org.sevenup.rest.domain.Account> org.sevenup.rest.controller.AccountController.createAcount(org.sevenup.rest.domain.Account,org.springframework.web.util.UriComponentsBuilder)
2014-11-26 23:07:56,406 INFO  [org.springframework.web.servlet.mvc.method.annotation.RequestMappingHandlerMapping:197] Mapped "{[/accounts/{id}],methods=[GET],params=[],headers=[],consumes=[],produces=[],custom=[]}" onto public org.springframework.http.ResponseEntity<org.sevenup.rest.domain.Account> org.sevenup.rest.controller.AccountController.viewAccount(java.lang.String)
2014-11-26 23:07:56,408 INFO  [org.springframework.web.servlet.mvc.method.annotation.RequestMappingHandlerMapping:197] Mapped "{[/accounts/signIn],methods=[POST],params=[],headers=[],consumes=[],produces=[],custom=[]}" onto public boolean org.sevenup.rest.controller.AccountController.createUser(org.sevenup.rest.domain.Account)
2014-11-26 23:07:56,409 INFO  [org.springframework.web.servlet.mvc.method.annotation.RequestMappingHandlerMapping:197] Mapped "{[/accounts/signUp],methods=[POST],params=[],headers=[],consumes=[],produces=[],custom=[]}" onto public org.springframework.http.ResponseEntity<org.sevenup.rest.domain.Account> org.sevenup.rest.controller.AccountController.signUp(org.sevenup.rest.domain.Account)
2014-11-26 23:07:56,411 INFO  [org.springframework.web.servlet.mvc.method.annotation.RequestMappingHandlerMapping:197] Mapped "{[/login],methods=[POST],params=[],headers=[],consumes=[],produces=[],custom=[]}" onto public org.springframework.http.ResponseEntity<org.sevenup.rest.domain.Account> org.sevenup.rest.controller.LoginController.Login(org.sevenup.rest.domain.Account)
2014-11-26 23:07:56,411 INFO  [org.springframework.web.servlet.mvc.method.annotation.RequestMappingHandlerMapping:197] Mapped "{[/login2/{userName}],methods=[POST],params=[],headers=[],consumes=[],produces=[],custom=[]}" onto public org.springframework.http.ResponseEntity<org.sevenup.rest.domain.Account> org.sevenup.rest.controller.LoginController.Login2(java.lang.String)
2014-11-26 23:07:56,412 INFO  [org.springframework.web.servlet.mvc.method.annotation.RequestMappingHandlerMapping:197] Mapped "{[/cities],methods=[POST],params=[],headers=[],consumes=[],produces=[],custom=[]}" onto public java.lang.String[] org.sevenup.rest.controller.LoginController.cities(javax.servlet.http.HttpServletResponse)
2014-11-26 23:07:56,855 INFO  [org.springframework.web.servlet.handler.SimpleUrlHandlerMapping:315] Mapped URL path [/resources/**] onto handler 'org.springframework.web.servlet.resource.ResourceHttpRequestHandler#0'
2014-11-26 23:07:56,879 INFO  [org.springframework.web.servlet.handler.SimpleUrlHandlerMapping:315] Mapped URL path [/webjars/**] onto handler 'org.springframework.web.servlet.resource.ResourceHttpRequestHandler#1'
2014-11-26 23:07:56,889 INFO  [org.springframework.web.servlet.handler.SimpleUrlHandlerMapping:302] Root mapping to handler of type [class org.springframework.web.servlet.mvc.ParameterizableViewController]
2014-11-26 23:07:56,895 INFO  [org.springframework.web.servlet.handler.SimpleUrlHandlerMapping:315] Mapped URL path [/**] onto handler 'org.springframework.web.servlet.resource.DefaultServletHttpRequestHandler#0'
2014-11-26 23:07:56,932 INFO  [org.springframework.web.servlet.DispatcherServlet:498] FrameworkServlet 'SevenUp': initialization completed in 1245 ms
2014-11-26 23:09:27,491 INFO  [org.springframework.web.context.support.XmlWebApplicationContext:873] Closing WebApplicationContext for namespace 'SevenUp-servlet': startup date [Wed Nov 26 23:07:55 CST 2014]; parent: Root WebApplicationContext
2014-11-26 23:09:27,501 INFO  [org.springframework.web.context.support.XmlWebApplicationContext:873] Closing Root WebApplicationContext: startup date [Wed Nov 26 23:07:54 CST 2014]; root of context hierarchy
2014-11-26 23:10:20,866 INFO  [org.springframework.web.context.ContextLoader:285] Root WebApplicationContext: initialization started
2014-11-26 23:10:21,110 INFO  [org.springframework.web.context.support.XmlWebApplicationContext:510] Refreshing Root WebApplicationContext: startup date [Wed Nov 26 23:10:21 CST 2014]; root of context hierarchy
2014-11-26 23:10:21,231 INFO  [org.springframework.beans.factory.xml.XmlBeanDefinitionReader:317] Loading XML bean definitions from class path resource [spring/business-config.xml]
2014-11-26 23:10:21,358 INFO  [org.springframework.beans.factory.xml.XmlBeanDefinitionReader:317] Loading XML bean definitions from class path resource [spring/datasource-config.xml]
2014-11-26 23:10:21,533 INFO  [org.springframework.beans.factory.xml.XmlBeanDefinitionReader:317] Loading XML bean definitions from class path resource [spring/tools-config.xml]
2014-11-26 23:10:21,787 INFO  [org.springframework.beans.factory.config.PropertyPlaceholderConfigurer:172] Loading properties file from class path resource [spring/data-access.properties]
2014-11-26 23:10:21,792 INFO  [org.springframework.beans.factory.annotation.AutowiredAnnotationBeanPostProcessor:153] JSR-330 'javax.inject.Inject' annotation found and supported for autowiring
2014-11-26 23:10:21,966 INFO  [org.springframework.web.context.ContextLoader:325] Root WebApplicationContext: initialization completed in 1097 ms
2014-11-26 23:10:22,024 INFO  [org.springframework.web.servlet.DispatcherServlet:484] FrameworkServlet 'SevenUp': initialization started
2014-11-26 23:10:22,029 INFO  [org.springframework.web.context.support.XmlWebApplicationContext:510] Refreshing WebApplicationContext for namespace 'SevenUp-servlet': startup date [Wed Nov 26 23:10:22 CST 2014]; parent: Root WebApplicationContext
2014-11-26 23:10:22,030 INFO  [org.springframework.beans.factory.xml.XmlBeanDefinitionReader:317] Loading XML bean definitions from class path resource [spring/mvc-core-config.xml]
2014-11-26 23:10:22,059 INFO  [org.springframework.beans.factory.xml.XmlBeanDefinitionReader:317] Loading XML bean definitions from class path resource [spring/mvc-view-config.xml]
2014-11-26 23:10:22,395 INFO  [org.springframework.beans.factory.annotation.AutowiredAnnotationBeanPostProcessor:153] JSR-330 'javax.inject.Inject' annotation found and supported for autowiring
2014-11-26 23:10:22,744 INFO  [org.springframework.web.servlet.mvc.method.annotation.RequestMappingHandlerMapping:220] Mapped "{[/accounts/{id}],methods=[GET],params=[],headers=[],consumes=[],produces=[],custom=[]}" onto public org.springframework.http.ResponseEntity<org.sevenup.rest.domain.Account> org.sevenup.rest.controller.AccountController.viewAccount(java.lang.String)
2014-11-26 23:10:22,745 INFO  [org.springframework.web.servlet.mvc.method.annotation.RequestMappingHandlerMapping:220] Mapped "{[/accounts],methods=[GET],params=[],headers=[],consumes=[],produces=[],custom=[]}" onto public java.util.List<org.sevenup.rest.domain.Account> org.sevenup.rest.controller.AccountController.getAllAccounts()
2014-11-26 23:10:22,745 INFO  [org.springframework.web.servlet.mvc.method.annotation.RequestMappingHandlerMapping:220] Mapped "{[/accounts],methods=[POST],params=[],headers=[],consumes=[],produces=[],custom=[]}" onto public org.springframework.http.ResponseEntity<org.sevenup.rest.domain.Account> org.sevenup.rest.controller.AccountController.createAcount(org.sevenup.rest.domain.Account,org.springframework.web.util.UriComponentsBuilder)
2014-11-26 23:10:22,746 INFO  [org.springframework.web.servlet.mvc.method.annotation.RequestMappingHandlerMapping:220] Mapped "{[/accounts/signIn],methods=[POST],params=[],headers=[],consumes=[],produces=[],custom=[]}" onto public boolean org.sevenup.rest.controller.AccountController.createUser(org.sevenup.rest.domain.Account)
2014-11-26 23:10:22,747 INFO  [org.springframework.web.servlet.mvc.method.annotation.RequestMappingHandlerMapping:220] Mapped "{[/accounts/signUp],methods=[POST],params=[],headers=[],consumes=[],produces=[],custom=[]}" onto public org.springframework.http.ResponseEntity<org.sevenup.rest.domain.Account> org.sevenup.rest.controller.AccountController.signUp(org.sevenup.rest.domain.Account)
2014-11-26 23:10:22,747 INFO  [org.springframework.web.servlet.mvc.method.annotation.RequestMappingHandlerMapping:220] Mapped "{[/login],methods=[POST],params=[],headers=[],consumes=[],produces=[],custom=[]}" onto public org.springframework.http.ResponseEntity<org.sevenup.rest.domain.Account> org.sevenup.rest.controller.LoginController.Login(org.sevenup.rest.domain.Account)
2014-11-26 23:10:22,748 INFO  [org.springframework.web.servlet.mvc.method.annotation.RequestMappingHandlerMapping:220] Mapped "{[/login2/{userName}],methods=[POST],params=[],headers=[],consumes=[],produces=[],custom=[]}" onto public org.springframework.http.ResponseEntity<org.sevenup.rest.domain.Account> org.sevenup.rest.controller.LoginController.Login2(java.lang.String)
2014-11-26 23:10:22,748 INFO  [org.springframework.web.servlet.mvc.method.annotation.RequestMappingHandlerMapping:220] Mapped "{[/cities],methods=[POST],params=[],headers=[],consumes=[],produces=[],custom=[]}" onto public java.lang.String[] org.sevenup.rest.controller.LoginController.cities(javax.servlet.http.HttpServletResponse)
2014-11-26 23:10:23,393 INFO  [org.springframework.web.servlet.mvc.method.annotation.RequestMappingHandlerAdapter:523] Looking for @ControllerAdvice: WebApplicationContext for namespace 'SevenUp-servlet': startup date [Wed Nov 26 23:10:22 CST 2014]; parent: Root WebApplicationContext
2014-11-26 23:10:23,486 INFO  [org.springframework.web.servlet.mvc.method.annotation.RequestMappingHandlerAdapter:523] Looking for @ControllerAdvice: WebApplicationContext for namespace 'SevenUp-servlet': startup date [Wed Nov 26 23:10:22 CST 2014]; parent: Root WebApplicationContext
2014-11-26 23:10:23,587 INFO  [org.springframework.web.servlet.handler.SimpleUrlHandlerMapping:314] Mapped URL path [/resources/**] onto handler 'org.springframework.web.servlet.resource.ResourceHttpRequestHandler#0'
2014-11-26 23:10:23,589 INFO  [org.springframework.web.servlet.handler.SimpleUrlHandlerMapping:314] Mapped URL path [/webjars/**] onto handler 'org.springframework.web.servlet.resource.ResourceHttpRequestHandler#1'
2014-11-26 23:10:23,604 INFO  [org.springframework.web.servlet.handler.SimpleUrlHandlerMapping:301] Root mapping to handler of type [class org.springframework.web.servlet.mvc.ParameterizableViewController]
2014-11-26 23:10:23,610 INFO  [org.springframework.web.servlet.handler.SimpleUrlHandlerMapping:314] Mapped URL path [/**] onto handler 'org.springframework.web.servlet.resource.DefaultServletHttpRequestHandler#0'
2014-11-26 23:10:23,642 INFO  [org.springframework.web.servlet.DispatcherServlet:503] FrameworkServlet 'SevenUp': initialization completed in 1618 ms
2014-11-26 23:12:20,928 INFO  [org.springframework.web.context.ContextLoader:285] Root WebApplicationContext: initialization started
2014-11-26 23:12:21,200 INFO  [org.springframework.web.context.support.XmlWebApplicationContext:510] Refreshing Root WebApplicationContext: startup date [Wed Nov 26 23:12:21 CST 2014]; root of context hierarchy
2014-11-26 23:12:21,410 INFO  [org.springframework.beans.factory.xml.XmlBeanDefinitionReader:317] Loading XML bean definitions from class path resource [spring/business-config.xml]
2014-11-26 23:12:21,640 INFO  [org.springframework.beans.factory.xml.XmlBeanDefinitionReader:317] Loading XML bean definitions from class path resource [spring/datasource-config.xml]
2014-11-26 23:12:21,754 INFO  [org.springframework.beans.factory.xml.XmlBeanDefinitionReader:317] Loading XML bean definitions from class path resource [spring/tools-config.xml]
2014-11-26 23:12:22,082 INFO  [org.springframework.beans.factory.config.PropertyPlaceholderConfigurer:172] Loading properties file from class path resource [spring/data-access.properties]
2014-11-26 23:12:22,092 INFO  [org.springframework.beans.factory.annotation.AutowiredAnnotationBeanPostProcessor:153] JSR-330 'javax.inject.Inject' annotation found and supported for autowiring
2014-11-26 23:12:22,207 INFO  [org.springframework.web.context.ContextLoader:325] Root WebApplicationContext: initialization completed in 1275 ms
2014-11-26 23:12:22,336 INFO  [org.springframework.web.servlet.DispatcherServlet:484] FrameworkServlet 'SevenUp': initialization started
2014-11-26 23:12:22,341 INFO  [org.springframework.web.context.support.XmlWebApplicationContext:510] Refreshing WebApplicationContext for namespace 'SevenUp-servlet': startup date [Wed Nov 26 23:12:22 CST 2014]; parent: Root WebApplicationContext
2014-11-26 23:12:22,343 INFO  [org.springframework.beans.factory.xml.XmlBeanDefinitionReader:317] Loading XML bean definitions from class path resource [spring/mvc-core-config.xml]
2014-11-26 23:12:22,374 INFO  [org.springframework.beans.factory.xml.XmlBeanDefinitionReader:317] Loading XML bean definitions from class path resource [spring/mvc-view-config.xml]
2014-11-26 23:12:22,807 INFO  [org.springframework.beans.factory.annotation.AutowiredAnnotationBeanPostProcessor:153] JSR-330 'javax.inject.Inject' annotation found and supported for autowiring
2014-11-26 23:12:23,118 INFO  [org.springframework.web.servlet.mvc.method.annotation.RequestMappingHandlerMapping:220] Mapped "{[/accounts/{id}],methods=[GET],params=[],headers=[],consumes=[],produces=[],custom=[]}" onto public org.springframework.http.ResponseEntity<org.sevenup.rest.domain.Account> org.sevenup.rest.controller.AccountController.viewAccount(java.lang.String)
2014-11-26 23:12:23,119 INFO  [org.springframework.web.servlet.mvc.method.annotation.RequestMappingHandlerMapping:220] Mapped "{[/accounts],methods=[GET],params=[],headers=[],consumes=[],produces=[],custom=[]}" onto public java.util.List<org.sevenup.rest.domain.Account> org.sevenup.rest.controller.AccountController.getAllAccounts()
2014-11-26 23:12:23,120 INFO  [org.springframework.web.servlet.mvc.method.annotation.RequestMappingHandlerMapping:220] Mapped "{[/accounts],methods=[POST],params=[],headers=[],consumes=[],produces=[],custom=[]}" onto public org.springframework.http.ResponseEntity<org.sevenup.rest.domain.Account> org.sevenup.rest.controller.AccountController.createAcount(org.sevenup.rest.domain.Account,org.springframework.web.util.UriComponentsBuilder)
2014-11-26 23:12:23,122 INFO  [org.springframework.web.servlet.mvc.method.annotation.RequestMappingHandlerMapping:220] Mapped "{[/accounts/signIn],methods=[POST],params=[],headers=[],consumes=[],produces=[],custom=[]}" onto public boolean org.sevenup.rest.controller.AccountController.createUser(org.sevenup.rest.domain.Account)
2014-11-26 23:12:23,123 INFO  [org.springframework.web.servlet.mvc.method.annotation.RequestMappingHandlerMapping:220] Mapped "{[/accounts/signUp],methods=[POST],params=[],headers=[],consumes=[],produces=[],custom=[]}" onto public org.springframework.http.ResponseEntity<org.sevenup.rest.domain.Account> org.sevenup.rest.controller.AccountController.signUp(org.sevenup.rest.domain.Account)
2014-11-26 23:12:23,124 INFO  [org.springframework.web.servlet.mvc.method.annotation.RequestMappingHandlerMapping:220] Mapped "{[/login],methods=[POST],params=[],headers=[],consumes=[],produces=[],custom=[]}" onto public org.springframework.http.ResponseEntity<org.sevenup.rest.domain.Account> org.sevenup.rest.controller.LoginController.Login(org.sevenup.rest.domain.Account)
2014-11-26 23:12:23,125 INFO  [org.springframework.web.servlet.mvc.method.annotation.RequestMappingHandlerMapping:220] Mapped "{[/login2/{userName}],methods=[POST],params=[],headers=[],consumes=[],produces=[],custom=[]}" onto public org.springframework.http.ResponseEntity<org.sevenup.rest.domain.Account> org.sevenup.rest.controller.LoginController.Login2(java.lang.String)
2014-11-26 23:12:23,126 INFO  [org.springframework.web.servlet.mvc.method.annotation.RequestMappingHandlerMapping:220] Mapped "{[/cities],methods=[POST],params=[],headers=[],consumes=[],produces=[],custom=[]}" onto public java.lang.String[] org.sevenup.rest.controller.LoginController.cities(javax.servlet.http.HttpServletResponse)
2014-11-26 23:12:23,741 INFO  [org.springframework.web.servlet.mvc.method.annotation.RequestMappingHandlerAdapter:523] Looking for @ControllerAdvice: WebApplicationContext for namespace 'SevenUp-servlet': startup date [Wed Nov 26 23:12:22 CST 2014]; parent: Root WebApplicationContext
2014-11-26 23:12:23,805 INFO  [org.springframework.web.servlet.mvc.method.annotation.RequestMappingHandlerAdapter:523] Looking for @ControllerAdvice: WebApplicationContext for namespace 'SevenUp-servlet': startup date [Wed Nov 26 23:12:22 CST 2014]; parent: Root WebApplicationContext
2014-11-26 23:12:23,906 INFO  [org.springframework.web.servlet.handler.SimpleUrlHandlerMapping:314] Mapped URL path [/resources/**] onto handler 'org.springframework.web.servlet.resource.ResourceHttpRequestHandler#0'
2014-11-26 23:12:23,912 INFO  [org.springframework.web.servlet.handler.SimpleUrlHandlerMapping:314] Mapped URL path [/webjars/**] onto handler 'org.springframework.web.servlet.resource.ResourceHttpRequestHandler#1'
2014-11-26 23:12:23,925 INFO  [org.springframework.web.servlet.handler.SimpleUrlHandlerMapping:301] Root mapping to handler of type [class org.springframework.web.servlet.mvc.ParameterizableViewController]
2014-11-26 23:12:23,931 INFO  [org.springframework.web.servlet.handler.SimpleUrlHandlerMapping:314] Mapped URL path [/**] onto handler 'org.springframework.web.servlet.resource.DefaultServletHttpRequestHandler#0'
2014-11-26 23:12:24,012 INFO  [org.springframework.web.servlet.DispatcherServlet:503] FrameworkServlet 'SevenUp': initialization completed in 1676 ms
2014-11-26 23:14:14,184 INFO  [org.springframework.web.context.ContextLoader:285] Root WebApplicationContext: initialization started
2014-11-26 23:14:14,431 INFO  [org.springframework.web.context.support.XmlWebApplicationContext:510] Refreshing Root WebApplicationContext: startup date [Wed Nov 26 23:14:14 CST 2014]; root of context hierarchy
2014-11-26 23:14:14,643 INFO  [org.springframework.beans.factory.xml.XmlBeanDefinitionReader:317] Loading XML bean definitions from class path resource [spring/business-config.xml]
2014-11-26 23:14:14,887 INFO  [org.springframework.beans.factory.xml.XmlBeanDefinitionReader:317] Loading XML bean definitions from class path resource [spring/datasource-config.xml]
2014-11-26 23:14:15,021 INFO  [org.springframework.beans.factory.xml.XmlBeanDefinitionReader:317] Loading XML bean definitions from class path resource [spring/tools-config.xml]
2014-11-26 23:14:15,411 INFO  [org.springframework.beans.factory.config.PropertyPlaceholderConfigurer:172] Loading properties file from class path resource [spring/data-access.properties]
2014-11-26 23:14:15,424 INFO  [org.springframework.beans.factory.annotation.AutowiredAnnotationBeanPostProcessor:153] JSR-330 'javax.inject.Inject' annotation found and supported for autowiring
2014-11-26 23:14:15,534 INFO  [org.springframework.web.context.ContextLoader:325] Root WebApplicationContext: initialization completed in 1347 ms
2014-11-26 23:14:15,639 INFO  [org.springframework.web.servlet.DispatcherServlet:484] FrameworkServlet 'SevenUp': initialization started
2014-11-26 23:14:15,652 INFO  [org.springframework.web.context.support.XmlWebApplicationContext:510] Refreshing WebApplicationContext for namespace 'SevenUp-servlet': startup date [Wed Nov 26 23:14:15 CST 2014]; parent: Root WebApplicationContext
2014-11-26 23:14:15,653 INFO  [org.springframework.beans.factory.xml.XmlBeanDefinitionReader:317] Loading XML bean definitions from class path resource [spring/mvc-core-config.xml]
2014-11-26 23:14:15,691 INFO  [org.springframework.beans.factory.xml.XmlBeanDefinitionReader:317] Loading XML bean definitions from class path resource [spring/mvc-view-config.xml]
2014-11-26 23:14:16,147 INFO  [org.springframework.beans.factory.annotation.AutowiredAnnotationBeanPostProcessor:153] JSR-330 'javax.inject.Inject' annotation found and supported for autowiring
2014-11-26 23:14:16,447 INFO  [org.springframework.web.servlet.mvc.method.annotation.RequestMappingHandlerMapping:220] Mapped "{[/accounts/{id}],methods=[GET],params=[],headers=[],consumes=[],produces=[],custom=[]}" onto public org.springframework.http.ResponseEntity<org.sevenup.rest.domain.Account> org.sevenup.rest.controller.AccountController.viewAccount(java.lang.String)
2014-11-26 23:14:16,448 INFO  [org.springframework.web.servlet.mvc.method.annotation.RequestMappingHandlerMapping:220] Mapped "{[/accounts],methods=[GET],params=[],headers=[],consumes=[],produces=[],custom=[]}" onto public java.util.List<org.sevenup.rest.domain.Account> org.sevenup.rest.controller.AccountController.getAllAccounts()
2014-11-26 23:14:16,448 INFO  [org.springframework.web.servlet.mvc.method.annotation.RequestMappingHandlerMapping:220] Mapped "{[/accounts],methods=[POST],params=[],headers=[],consumes=[],produces=[],custom=[]}" onto public org.springframework.http.ResponseEntity<org.sevenup.rest.domain.Account> org.sevenup.rest.controller.AccountController.createAcount(org.sevenup.rest.domain.Account,org.springframework.web.util.UriComponentsBuilder)
2014-11-26 23:14:16,449 INFO  [org.springframework.web.servlet.mvc.method.annotation.RequestMappingHandlerMapping:220] Mapped "{[/accounts/signIn],methods=[POST],params=[],headers=[],consumes=[],produces=[],custom=[]}" onto public boolean org.sevenup.rest.controller.AccountController.createUser(org.sevenup.rest.domain.Account)
2014-11-26 23:14:16,450 INFO  [org.springframework.web.servlet.mvc.method.annotation.RequestMappingHandlerMapping:220] Mapped "{[/accounts/signUp],methods=[POST],params=[],headers=[],consumes=[],produces=[],custom=[]}" onto public org.springframework.http.ResponseEntity<org.sevenup.rest.domain.Account> org.sevenup.rest.controller.AccountController.signUp(org.sevenup.rest.domain.Account)
2014-11-26 23:14:16,451 INFO  [org.springframework.web.servlet.mvc.method.annotation.RequestMappingHandlerMapping:220] Mapped "{[/login],methods=[POST],params=[],headers=[],consumes=[],produces=[],custom=[]}" onto public org.springframework.http.ResponseEntity<org.sevenup.rest.domain.Account> org.sevenup.rest.controller.LoginController.Login(org.sevenup.rest.domain.Account)
2014-11-26 23:14:16,451 INFO  [org.springframework.web.servlet.mvc.method.annotation.RequestMappingHandlerMapping:220] Mapped "{[/login2/{userName}],methods=[POST],params=[],headers=[],consumes=[],produces=[],custom=[]}" onto public org.springframework.http.ResponseEntity<org.sevenup.rest.domain.Account> org.sevenup.rest.controller.LoginController.Login2(java.lang.String)
2014-11-26 23:14:16,451 INFO  [org.springframework.web.servlet.mvc.method.annotation.RequestMappingHandlerMapping:220] Mapped "{[/cities],methods=[POST],params=[],headers=[],consumes=[],produces=[],custom=[]}" onto public java.lang.String[] org.sevenup.rest.controller.LoginController.cities(javax.servlet.http.HttpServletResponse)
2014-11-26 23:14:17,089 INFO  [org.springframework.web.servlet.mvc.method.annotation.RequestMappingHandlerAdapter:523] Looking for @ControllerAdvice: WebApplicationContext for namespace 'SevenUp-servlet': startup date [Wed Nov 26 23:14:15 CST 2014]; parent: Root WebApplicationContext
2014-11-26 23:14:17,144 INFO  [org.springframework.web.servlet.mvc.method.annotation.RequestMappingHandlerAdapter:523] Looking for @ControllerAdvice: WebApplicationContext for namespace 'SevenUp-servlet': startup date [Wed Nov 26 23:14:15 CST 2014]; parent: Root WebApplicationContext
2014-11-26 23:14:17,234 INFO  [org.springframework.web.servlet.handler.SimpleUrlHandlerMapping:314] Mapped URL path [/resources/**] onto handler 'org.springframework.web.servlet.resource.ResourceHttpRequestHandler#0'
2014-11-26 23:14:17,236 INFO  [org.springframework.web.servlet.handler.SimpleUrlHandlerMapping:314] Mapped URL path [/webjars/**] onto handler 'org.springframework.web.servlet.resource.ResourceHttpRequestHandler#1'
2014-11-26 23:14:17,247 INFO  [org.springframework.web.servlet.handler.SimpleUrlHandlerMapping:301] Root mapping to handler of type [class org.springframework.web.servlet.mvc.ParameterizableViewController]
2014-11-26 23:14:17,253 INFO  [org.springframework.web.servlet.handler.SimpleUrlHandlerMapping:314] Mapped URL path [/**] onto handler 'org.springframework.web.servlet.resource.DefaultServletHttpRequestHandler#0'
2014-11-26 23:14:17,282 INFO  [org.springframework.web.servlet.DispatcherServlet:503] FrameworkServlet 'SevenUp': initialization completed in 1642 ms
2014-11-26 23:19:39,978 INFO  [org.springframework.web.context.ContextLoader:285] Root WebApplicationContext: initialization started
2014-11-26 23:19:40,309 INFO  [org.springframework.web.context.support.XmlWebApplicationContext:510] Refreshing Root WebApplicationContext: startup date [Wed Nov 26 23:19:40 CST 2014]; root of context hierarchy
2014-11-26 23:19:40,445 INFO  [org.springframework.beans.factory.xml.XmlBeanDefinitionReader:317] Loading XML bean definitions from class path resource [spring/business-config.xml]
2014-11-26 23:19:40,652 INFO  [org.springframework.beans.factory.xml.XmlBeanDefinitionReader:317] Loading XML bean definitions from class path resource [spring/datasource-config.xml]
2014-11-26 23:19:40,872 INFO  [org.springframework.beans.factory.xml.XmlBeanDefinitionReader:317] Loading XML bean definitions from class path resource [spring/tools-config.xml]
2014-11-26 23:19:41,123 INFO  [org.springframework.beans.factory.config.PropertyPlaceholderConfigurer:172] Loading properties file from class path resource [spring/data-access.properties]
2014-11-26 23:19:41,129 INFO  [org.springframework.beans.factory.annotation.AutowiredAnnotationBeanPostProcessor:153] JSR-330 'javax.inject.Inject' annotation found and supported for autowiring
2014-11-26 23:19:41,218 INFO  [org.springframework.web.context.ContextLoader:325] Root WebApplicationContext: initialization completed in 1237 ms
2014-11-26 23:19:41,287 INFO  [org.springframework.web.servlet.DispatcherServlet:484] FrameworkServlet 'SevenUp': initialization started
2014-11-26 23:19:41,299 INFO  [org.springframework.web.context.support.XmlWebApplicationContext:510] Refreshing WebApplicationContext for namespace 'SevenUp-servlet': startup date [Wed Nov 26 23:19:41 CST 2014]; parent: Root WebApplicationContext
2014-11-26 23:19:41,300 INFO  [org.springframework.beans.factory.xml.XmlBeanDefinitionReader:317] Loading XML bean definitions from class path resource [spring/mvc-core-config.xml]
2014-11-26 23:19:41,334 INFO  [org.springframework.beans.factory.xml.XmlBeanDefinitionReader:317] Loading XML bean definitions from class path resource [spring/mvc-view-config.xml]
2014-11-26 23:19:41,717 INFO  [org.springframework.beans.factory.annotation.AutowiredAnnotationBeanPostProcessor:153] JSR-330 'javax.inject.Inject' annotation found and supported for autowiring
2014-11-26 23:19:42,018 INFO  [org.springframework.web.servlet.mvc.method.annotation.RequestMappingHandlerMapping:220] Mapped "{[/accounts/{id}],methods=[GET],params=[],headers=[],consumes=[],produces=[],custom=[]}" onto public org.springframework.http.ResponseEntity<org.sevenup.rest.domain.Account> org.sevenup.rest.controller.AccountController.viewAccount(java.lang.String)
2014-11-26 23:19:42,019 INFO  [org.springframework.web.servlet.mvc.method.annotation.RequestMappingHandlerMapping:220] Mapped "{[/accounts],methods=[GET],params=[],headers=[],consumes=[],produces=[],custom=[]}" onto public java.util.List<org.sevenup.rest.domain.Account> org.sevenup.rest.controller.AccountController.getAllAccounts()
2014-11-26 23:19:42,019 INFO  [org.springframework.web.servlet.mvc.method.annotation.RequestMappingHandlerMapping:220] Mapped "{[/accounts],methods=[POST],params=[],headers=[],consumes=[],produces=[],custom=[]}" onto public org.springframework.http.ResponseEntity<org.sevenup.rest.domain.Account> org.sevenup.rest.controller.AccountController.createAcount(org.sevenup.rest.domain.Account,org.springframework.web.util.UriComponentsBuilder)
2014-11-26 23:19:42,021 INFO  [org.springframework.web.servlet.mvc.method.annotation.RequestMappingHandlerMapping:220] Mapped "{[/accounts/signIn],methods=[POST],params=[],headers=[],consumes=[],produces=[],custom=[]}" onto public boolean org.sevenup.rest.controller.AccountController.createUser(org.sevenup.rest.domain.Account)
2014-11-26 23:19:42,021 INFO  [org.springframework.web.servlet.mvc.method.annotation.RequestMappingHandlerMapping:220] Mapped "{[/accounts/signUp],methods=[POST],params=[],headers=[],consumes=[],produces=[],custom=[]}" onto public org.springframework.http.ResponseEntity<org.sevenup.rest.domain.Account> org.sevenup.rest.controller.AccountController.signUp(org.sevenup.rest.domain.Account)
2014-11-26 23:19:42,022 INFO  [org.springframework.web.servlet.mvc.method.annotation.RequestMappingHandlerMapping:220] Mapped "{[/login],methods=[POST],params=[],headers=[],consumes=[],produces=[],custom=[]}" onto public org.springframework.http.ResponseEntity<org.sevenup.rest.domain.Account> org.sevenup.rest.controller.LoginController.Login(org.sevenup.rest.domain.Account)
2014-11-26 23:19:42,022 INFO  [org.springframework.web.servlet.mvc.method.annotation.RequestMappingHandlerMapping:220] Mapped "{[/login2/{userName}],methods=[POST],params=[],headers=[],consumes=[],produces=[],custom=[]}" onto public org.springframework.http.ResponseEntity<org.sevenup.rest.domain.Account> org.sevenup.rest.controller.LoginController.Login2(java.lang.String)
2014-11-26 23:19:42,022 INFO  [org.springframework.web.servlet.mvc.method.annotation.RequestMappingHandlerMapping:220] Mapped "{[/cities],methods=[POST],params=[],headers=[],consumes=[],produces=[],custom=[]}" onto public java.lang.String[] org.sevenup.rest.controller.LoginController.cities(javax.servlet.http.HttpServletResponse)
2014-11-26 23:19:42,629 INFO  [org.springframework.web.servlet.mvc.method.annotation.RequestMappingHandlerAdapter:523] Looking for @ControllerAdvice: WebApplicationContext for namespace 'SevenUp-servlet': startup date [Wed Nov 26 23:19:41 CST 2014]; parent: Root WebApplicationContext
2014-11-26 23:19:42,737 INFO  [org.springframework.web.servlet.mvc.method.annotation.RequestMappingHandlerAdapter:523] Looking for @ControllerAdvice: WebApplicationContext for namespace 'SevenUp-servlet': startup date [Wed Nov 26 23:19:41 CST 2014]; parent: Root WebApplicationContext
2014-11-26 23:19:42,830 INFO  [org.springframework.web.servlet.handler.SimpleUrlHandlerMapping:314] Mapped URL path [/resources/**] onto handler 'org.springframework.web.servlet.resource.ResourceHttpRequestHandler#0'
2014-11-26 23:19:42,834 INFO  [org.springframework.web.servlet.handler.SimpleUrlHandlerMapping:314] Mapped URL path [/webjars/**] onto handler 'org.springframework.web.servlet.resource.ResourceHttpRequestHandler#1'
2014-11-26 23:19:42,845 INFO  [org.springframework.web.servlet.handler.SimpleUrlHandlerMapping:301] Root mapping to handler of type [class org.springframework.web.servlet.mvc.ParameterizableViewController]
2014-11-26 23:19:42,863 INFO  [org.springframework.web.servlet.handler.SimpleUrlHandlerMapping:314] Mapped URL path [/**] onto handler 'org.springframework.web.servlet.resource.DefaultServletHttpRequestHandler#0'
2014-11-26 23:19:42,918 INFO  [org.springframework.web.servlet.DispatcherServlet:503] FrameworkServlet 'SevenUp': initialization completed in 1631 ms
2014-11-26 23:21:49,295 INFO  [org.springframework.web.context.ContextLoader:285] Root WebApplicationContext: initialization started
2014-11-26 23:21:49,538 INFO  [org.springframework.web.context.support.XmlWebApplicationContext:510] Refreshing Root WebApplicationContext: startup date [Wed Nov 26 23:21:49 CST 2014]; root of context hierarchy
2014-11-26 23:21:49,683 INFO  [org.springframework.beans.factory.xml.XmlBeanDefinitionReader:317] Loading XML bean definitions from class path resource [spring/business-config.xml]
2014-11-26 23:21:49,878 INFO  [org.springframework.beans.factory.xml.XmlBeanDefinitionReader:317] Loading XML bean definitions from class path resource [spring/datasource-config.xml]
2014-11-26 23:21:50,010 INFO  [org.springframework.beans.factory.xml.XmlBeanDefinitionReader:317] Loading XML bean definitions from class path resource [spring/tools-config.xml]
2014-11-26 23:21:50,370 INFO  [org.springframework.beans.factory.config.PropertyPlaceholderConfigurer:172] Loading properties file from class path resource [spring/data-access.properties]
2014-11-26 23:21:50,384 INFO  [org.springframework.beans.factory.annotation.AutowiredAnnotationBeanPostProcessor:153] JSR-330 'javax.inject.Inject' annotation found and supported for autowiring
2014-11-26 23:21:50,641 INFO  [org.springframework.web.context.ContextLoader:325] Root WebApplicationContext: initialization completed in 1344 ms
2014-11-26 23:21:50,772 INFO  [org.springframework.web.servlet.DispatcherServlet:484] FrameworkServlet 'SevenUp': initialization started
2014-11-26 23:21:50,782 INFO  [org.springframework.web.context.support.XmlWebApplicationContext:510] Refreshing WebApplicationContext for namespace 'SevenUp-servlet': startup date [Wed Nov 26 23:21:50 CST 2014]; parent: Root WebApplicationContext
2014-11-26 23:21:50,784 INFO  [org.springframework.beans.factory.xml.XmlBeanDefinitionReader:317] Loading XML bean definitions from class path resource [spring/mvc-core-config.xml]
2014-11-26 23:21:50,827 INFO  [org.springframework.beans.factory.xml.XmlBeanDefinitionReader:317] Loading XML bean definitions from class path resource [spring/mvc-view-config.xml]
2014-11-26 23:21:51,351 INFO  [org.springframework.beans.factory.annotation.AutowiredAnnotationBeanPostProcessor:153] JSR-330 'javax.inject.Inject' annotation found and supported for autowiring
2014-11-26 23:21:51,694 INFO  [org.springframework.web.servlet.mvc.method.annotation.RequestMappingHandlerMapping:220] Mapped "{[/accounts],methods=[GET],params=[],headers=[],consumes=[],produces=[],custom=[]}" onto public java.util.List<org.sevenup.rest.domain.Account> org.sevenup.rest.controller.AccountController.getAllAccounts()
2014-11-26 23:21:51,694 INFO  [org.springframework.web.servlet.mvc.method.annotation.RequestMappingHandlerMapping:220] Mapped "{[/accounts/{id}],methods=[GET],params=[],headers=[],consumes=[],produces=[],custom=[]}" onto public org.springframework.http.ResponseEntity<org.sevenup.rest.domain.Account> org.sevenup.rest.controller.AccountController.viewAccount(java.lang.String)
2014-11-26 23:21:51,695 INFO  [org.springframework.web.servlet.mvc.method.annotation.RequestMappingHandlerMapping:220] Mapped "{[/accounts],methods=[POST],params=[],headers=[],consumes=[],produces=[],custom=[]}" onto public org.springframework.http.ResponseEntity<org.sevenup.rest.domain.Account> org.sevenup.rest.controller.AccountController.createAcount(org.sevenup.rest.domain.Account,org.springframework.web.util.UriComponentsBuilder)
2014-11-26 23:21:51,696 INFO  [org.springframework.web.servlet.mvc.method.annotation.RequestMappingHandlerMapping:220] Mapped "{[/accounts/signIn],methods=[POST],params=[],headers=[],consumes=[],produces=[],custom=[]}" onto public boolean org.sevenup.rest.controller.AccountController.createUser(org.sevenup.rest.domain.Account)
2014-11-26 23:21:51,697 INFO  [org.springframework.web.servlet.mvc.method.annotation.RequestMappingHandlerMapping:220] Mapped "{[/accounts/signUp],methods=[POST],params=[],headers=[],consumes=[],produces=[],custom=[]}" onto public org.springframework.http.ResponseEntity<org.sevenup.rest.domain.Account> org.sevenup.rest.controller.AccountController.signUp(org.sevenup.rest.domain.Account)
2014-11-26 23:21:51,698 INFO  [org.springframework.web.servlet.mvc.method.annotation.RequestMappingHandlerMapping:220] Mapped "{[/login],methods=[POST],params=[],headers=[],consumes=[],produces=[],custom=[]}" onto public org.springframework.http.ResponseEntity<org.sevenup.rest.domain.Account> org.sevenup.rest.controller.LoginController.Login(org.sevenup.rest.domain.Account)
2014-11-26 23:21:51,698 INFO  [org.springframework.web.servlet.mvc.method.annotation.RequestMappingHandlerMapping:220] Mapped "{[/login2/{userName}],methods=[POST],params=[],headers=[],consumes=[],produces=[],custom=[]}" onto public org.springframework.http.ResponseEntity<org.sevenup.rest.domain.Account> org.sevenup.rest.controller.LoginController.Login2(java.lang.String)
2014-11-26 23:21:51,698 INFO  [org.springframework.web.servlet.mvc.method.annotation.RequestMappingHandlerMapping:220] Mapped "{[/cities],methods=[POST],params=[],headers=[],consumes=[],produces=[],custom=[]}" onto public java.lang.String[] org.sevenup.rest.controller.LoginController.cities(javax.servlet.http.HttpServletResponse)
2014-11-26 23:21:52,220 INFO  [org.springframework.web.servlet.mvc.method.annotation.RequestMappingHandlerAdapter:523] Looking for @ControllerAdvice: WebApplicationContext for namespace 'SevenUp-servlet': startup date [Wed Nov 26 23:21:50 CST 2014]; parent: Root WebApplicationContext
2014-11-26 23:21:52,347 INFO  [org.springframework.web.servlet.mvc.method.annotation.RequestMappingHandlerAdapter:523] Looking for @ControllerAdvice: WebApplicationContext for namespace 'SevenUp-servlet': startup date [Wed Nov 26 23:21:50 CST 2014]; parent: Root WebApplicationContext
2014-11-26 23:21:52,489 INFO  [org.springframework.web.servlet.handler.SimpleUrlHandlerMapping:314] Mapped URL path [/resources/**] onto handler 'org.springframework.web.servlet.resource.ResourceHttpRequestHandler#0'
2014-11-26 23:21:52,495 INFO  [org.springframework.web.servlet.handler.SimpleUrlHandlerMapping:314] Mapped URL path [/webjars/**] onto handler 'org.springframework.web.servlet.resource.ResourceHttpRequestHandler#1'
2014-11-26 23:21:52,513 INFO  [org.springframework.web.servlet.handler.SimpleUrlHandlerMapping:301] Root mapping to handler of type [class org.springframework.web.servlet.mvc.ParameterizableViewController]
2014-11-26 23:21:52,520 INFO  [org.springframework.web.servlet.handler.SimpleUrlHandlerMapping:314] Mapped URL path [/**] onto handler 'org.springframework.web.servlet.resource.DefaultServletHttpRequestHandler#0'
2014-11-26 23:21:52,579 INFO  [org.springframework.web.servlet.DispatcherServlet:503] FrameworkServlet 'SevenUp': initialization completed in 1807 ms
2014-11-26 23:25:45,641 INFO  [org.springframework.web.context.ContextLoader:285] Root WebApplicationContext: initialization started
2014-11-26 23:25:45,861 INFO  [org.springframework.web.context.support.XmlWebApplicationContext:510] Refreshing Root WebApplicationContext: startup date [Wed Nov 26 23:25:45 CST 2014]; root of context hierarchy
2014-11-26 23:25:46,007 INFO  [org.springframework.beans.factory.xml.XmlBeanDefinitionReader:317] Loading XML bean definitions from class path resource [spring/business-config.xml]
2014-11-26 23:25:46,310 INFO  [org.springframework.beans.factory.xml.XmlBeanDefinitionReader:317] Loading XML bean definitions from class path resource [spring/datasource-config.xml]
2014-11-26 23:25:46,507 INFO  [org.springframework.beans.factory.xml.XmlBeanDefinitionReader:317] Loading XML bean definitions from class path resource [spring/tools-config.xml]
2014-11-26 23:25:46,750 INFO  [org.springframework.beans.factory.config.PropertyPlaceholderConfigurer:172] Loading properties file from class path resource [spring/data-access.properties]
2014-11-26 23:25:46,756 INFO  [org.springframework.beans.factory.annotation.AutowiredAnnotationBeanPostProcessor:153] JSR-330 'javax.inject.Inject' annotation found and supported for autowiring
2014-11-26 23:25:46,871 INFO  [org.springframework.web.context.ContextLoader:325] Root WebApplicationContext: initialization completed in 1227 ms
2014-11-26 23:25:46,951 INFO  [org.springframework.web.servlet.DispatcherServlet:484] FrameworkServlet 'SevenUp': initialization started
2014-11-26 23:25:46,956 INFO  [org.springframework.web.context.support.XmlWebApplicationContext:510] Refreshing WebApplicationContext for namespace 'SevenUp-servlet': startup date [Wed Nov 26 23:25:46 CST 2014]; parent: Root WebApplicationContext
2014-11-26 23:25:46,957 INFO  [org.springframework.beans.factory.xml.XmlBeanDefinitionReader:317] Loading XML bean definitions from class path resource [spring/mvc-core-config.xml]
2014-11-26 23:25:46,991 INFO  [org.springframework.beans.factory.xml.XmlBeanDefinitionReader:317] Loading XML bean definitions from class path resource [spring/mvc-view-config.xml]
2014-11-26 23:25:47,398 INFO  [org.springframework.beans.factory.annotation.AutowiredAnnotationBeanPostProcessor:153] JSR-330 'javax.inject.Inject' annotation found and supported for autowiring
2014-11-26 23:25:47,716 INFO  [org.springframework.web.servlet.mvc.method.annotation.RequestMappingHandlerMapping:220] Mapped "{[/accounts/{id}],methods=[GET],params=[],headers=[],consumes=[],produces=[],custom=[]}" onto public org.springframework.http.ResponseEntity<org.sevenup.rest.domain.Account> org.sevenup.rest.controller.AccountController.viewAccount(java.lang.String)
2014-11-26 23:25:47,717 INFO  [org.springframework.web.servlet.mvc.method.annotation.RequestMappingHandlerMapping:220] Mapped "{[/accounts],methods=[GET],params=[],headers=[],consumes=[],produces=[],custom=[]}" onto public java.util.List<org.sevenup.rest.domain.Account> org.sevenup.rest.controller.AccountController.getAllAccounts()
2014-11-26 23:25:47,718 INFO  [org.springframework.web.servlet.mvc.method.annotation.RequestMappingHandlerMapping:220] Mapped "{[/accounts],methods=[POST],params=[],headers=[],consumes=[],produces=[],custom=[]}" onto public org.springframework.http.ResponseEntity<org.sevenup.rest.domain.Account> org.sevenup.rest.controller.AccountController.createAcount(org.sevenup.rest.domain.Account,org.springframework.web.util.UriComponentsBuilder)
2014-11-26 23:25:47,721 INFO  [org.springframework.web.servlet.mvc.method.annotation.RequestMappingHandlerMapping:220] Mapped "{[/accounts/signIn],methods=[POST],params=[],headers=[],consumes=[],produces=[],custom=[]}" onto public boolean org.sevenup.rest.controller.AccountController.createUser(org.sevenup.rest.domain.Account)
2014-11-26 23:25:47,722 INFO  [org.springframework.web.servlet.mvc.method.annotation.RequestMappingHandlerMapping:220] Mapped "{[/accounts/signUp],methods=[POST],params=[],headers=[],consumes=[],produces=[],custom=[]}" onto public org.springframework.http.ResponseEntity<org.sevenup.rest.domain.Account> org.sevenup.rest.controller.AccountController.signUp(org.sevenup.rest.domain.Account)
2014-11-26 23:25:47,723 INFO  [org.springframework.web.servlet.mvc.method.annotation.RequestMappingHandlerMapping:220] Mapped "{[/login],methods=[POST],params=[],headers=[],consumes=[],produces=[],custom=[]}" onto public org.springframework.http.ResponseEntity<org.sevenup.rest.domain.Account> org.sevenup.rest.controller.LoginController.Login(org.sevenup.rest.domain.Account)
2014-11-26 23:25:47,724 INFO  [org.springframework.web.servlet.mvc.method.annotation.RequestMappingHandlerMapping:220] Mapped "{[/login2/{userName}],methods=[POST],params=[],headers=[],consumes=[],produces=[],custom=[]}" onto public org.springframework.http.ResponseEntity<org.sevenup.rest.domain.Account> org.sevenup.rest.controller.LoginController.Login2(java.lang.String)
2014-11-26 23:25:47,724 INFO  [org.springframework.web.servlet.mvc.method.annotation.RequestMappingHandlerMapping:220] Mapped "{[/cities],methods=[POST],params=[],headers=[],consumes=[],produces=[],custom=[]}" onto public java.lang.String[] org.sevenup.rest.controller.LoginController.cities(javax.servlet.http.HttpServletResponse)
2014-11-26 23:25:48,206 INFO  [org.springframework.web.servlet.mvc.method.annotation.RequestMappingHandlerAdapter:523] Looking for @ControllerAdvice: WebApplicationContext for namespace 'SevenUp-servlet': startup date [Wed Nov 26 23:25:46 CST 2014]; parent: Root WebApplicationContext
2014-11-26 23:25:48,305 INFO  [org.springframework.web.servlet.mvc.method.annotation.RequestMappingHandlerAdapter:523] Looking for @ControllerAdvice: WebApplicationContext for namespace 'SevenUp-servlet': startup date [Wed Nov 26 23:25:46 CST 2014]; parent: Root WebApplicationContext
2014-11-26 23:25:48,401 INFO  [org.springframework.web.servlet.handler.SimpleUrlHandlerMapping:314] Mapped URL path [/resources/**] onto handler 'org.springframework.web.servlet.resource.ResourceHttpRequestHandler#0'
2014-11-26 23:25:48,404 INFO  [org.springframework.web.servlet.handler.SimpleUrlHandlerMapping:314] Mapped URL path [/webjars/**] onto handler 'org.springframework.web.servlet.resource.ResourceHttpRequestHandler#1'
2014-11-26 23:25:48,412 INFO  [org.springframework.web.servlet.handler.SimpleUrlHandlerMapping:301] Root mapping to handler of type [class org.springframework.web.servlet.mvc.ParameterizableViewController]
2014-11-26 23:25:48,417 INFO  [org.springframework.web.servlet.handler.SimpleUrlHandlerMapping:314] Mapped URL path [/**] onto handler 'org.springframework.web.servlet.resource.DefaultServletHttpRequestHandler#0'
2014-11-26 23:25:48,445 INFO  [org.springframework.web.servlet.DispatcherServlet:503] FrameworkServlet 'SevenUp': initialization completed in 1494 ms
2014-11-26 23:27:49,264 INFO  [org.springframework.web.context.ContextLoader:285] Root WebApplicationContext: initialization started
2014-11-26 23:27:49,508 INFO  [org.springframework.web.context.support.XmlWebApplicationContext:510] Refreshing Root WebApplicationContext: startup date [Wed Nov 26 23:27:49 CST 2014]; root of context hierarchy
2014-11-26 23:27:49,641 INFO  [org.springframework.beans.factory.xml.XmlBeanDefinitionReader:317] Loading XML bean definitions from class path resource [spring/business-config.xml]
2014-11-26 23:27:49,882 INFO  [org.springframework.beans.factory.xml.XmlBeanDefinitionReader:317] Loading XML bean definitions from class path resource [spring/datasource-config.xml]
2014-11-26 23:27:50,069 INFO  [org.springframework.beans.factory.xml.XmlBeanDefinitionReader:317] Loading XML bean definitions from class path resource [spring/tools-config.xml]
2014-11-26 23:27:50,348 INFO  [org.springframework.beans.factory.config.PropertyPlaceholderConfigurer:172] Loading properties file from class path resource [spring/data-access.properties]
2014-11-26 23:27:50,353 INFO  [org.springframework.beans.factory.annotation.AutowiredAnnotationBeanPostProcessor:153] JSR-330 'javax.inject.Inject' annotation found and supported for autowiring
2014-11-26 23:27:50,571 INFO  [org.springframework.web.context.ContextLoader:325] Root WebApplicationContext: initialization completed in 1304 ms
2014-11-26 23:27:50,658 INFO  [org.springframework.web.servlet.DispatcherServlet:484] FrameworkServlet 'SevenUp': initialization started
2014-11-26 23:27:50,670 INFO  [org.springframework.web.context.support.XmlWebApplicationContext:510] Refreshing WebApplicationContext for namespace 'SevenUp-servlet': startup date [Wed Nov 26 23:27:50 CST 2014]; parent: Root WebApplicationContext
2014-11-26 23:27:50,671 INFO  [org.springframework.beans.factory.xml.XmlBeanDefinitionReader:317] Loading XML bean definitions from class path resource [spring/mvc-core-config.xml]
2014-11-26 23:27:50,703 INFO  [org.springframework.beans.factory.xml.XmlBeanDefinitionReader:317] Loading XML bean definitions from class path resource [spring/mvc-view-config.xml]
2014-11-26 23:27:51,148 INFO  [org.springframework.beans.factory.annotation.AutowiredAnnotationBeanPostProcessor:153] JSR-330 'javax.inject.Inject' annotation found and supported for autowiring
2014-11-26 23:27:51,485 INFO  [org.springframework.web.servlet.mvc.method.annotation.RequestMappingHandlerMapping:220] Mapped "{[/accounts/{id}],methods=[GET],params=[],headers=[],consumes=[],produces=[],custom=[]}" onto public org.springframework.http.ResponseEntity<org.sevenup.rest.domain.Account> org.sevenup.rest.controller.AccountController.viewAccount(java.lang.String)
2014-11-26 23:27:51,485 INFO  [org.springframework.web.servlet.mvc.method.annotation.RequestMappingHandlerMapping:220] Mapped "{[/accounts],methods=[GET],params=[],headers=[],consumes=[],produces=[],custom=[]}" onto public java.util.List<org.sevenup.rest.domain.Account> org.sevenup.rest.controller.AccountController.getAllAccounts()
2014-11-26 23:27:51,485 INFO  [org.springframework.web.servlet.mvc.method.annotation.RequestMappingHandlerMapping:220] Mapped "{[/accounts],methods=[POST],params=[],headers=[],consumes=[],produces=[],custom=[]}" onto public org.springframework.http.ResponseEntity<org.sevenup.rest.domain.Account> org.sevenup.rest.controller.AccountController.createAcount(org.sevenup.rest.domain.Account,org.springframework.web.util.UriComponentsBuilder)
2014-11-26 23:27:51,487 INFO  [org.springframework.web.servlet.mvc.method.annotation.RequestMappingHandlerMapping:220] Mapped "{[/accounts/signIn],methods=[POST],params=[],headers=[],consumes=[],produces=[],custom=[]}" onto public boolean org.sevenup.rest.controller.AccountController.createUser(org.sevenup.rest.domain.Account)
2014-11-26 23:27:51,487 INFO  [org.springframework.web.servlet.mvc.method.annotation.RequestMappingHandlerMapping:220] Mapped "{[/accounts/signUp],methods=[POST],params=[],headers=[],consumes=[],produces=[],custom=[]}" onto public org.springframework.http.ResponseEntity<org.sevenup.rest.domain.Account> org.sevenup.rest.controller.AccountController.signUp(org.sevenup.rest.domain.Account)
2014-11-26 23:27:51,488 INFO  [org.springframework.web.servlet.mvc.method.annotation.RequestMappingHandlerMapping:220] Mapped "{[/login],methods=[POST],params=[],headers=[],consumes=[],produces=[],custom=[]}" onto public org.springframework.http.ResponseEntity<org.sevenup.rest.domain.Account> org.sevenup.rest.controller.LoginController.Login(org.sevenup.rest.domain.Account)
2014-11-26 23:27:51,489 INFO  [org.springframework.web.servlet.mvc.method.annotation.RequestMappingHandlerMapping:220] Mapped "{[/login2/{userName}],methods=[POST],params=[],headers=[],consumes=[],produces=[],custom=[]}" onto public org.springframework.http.ResponseEntity<org.sevenup.rest.domain.Account> org.sevenup.rest.controller.LoginController.Login2(java.lang.String)
2014-11-26 23:27:51,489 INFO  [org.springframework.web.servlet.mvc.method.annotation.RequestMappingHandlerMapping:220] Mapped "{[/cities],methods=[POST],params=[],headers=[],consumes=[],produces=[],custom=[]}" onto public java.lang.String[] org.sevenup.rest.controller.LoginController.cities(javax.servlet.http.HttpServletResponse)
2014-11-26 23:27:52,125 INFO  [org.springframework.web.servlet.mvc.method.annotation.RequestMappingHandlerAdapter:523] Looking for @ControllerAdvice: WebApplicationContext for namespace 'SevenUp-servlet': startup date [Wed Nov 26 23:27:50 CST 2014]; parent: Root WebApplicationContext
2014-11-26 23:27:52,254 INFO  [org.springframework.web.servlet.mvc.method.annotation.RequestMappingHandlerAdapter:523] Looking for @ControllerAdvice: WebApplicationContext for namespace 'SevenUp-servlet': startup date [Wed Nov 26 23:27:50 CST 2014]; parent: Root WebApplicationContext
2014-11-26 23:27:52,344 INFO  [org.springframework.web.servlet.handler.SimpleUrlHandlerMapping:314] Mapped URL path [/resources/**] onto handler 'org.springframework.web.servlet.resource.ResourceHttpRequestHandler#0'
2014-11-26 23:27:52,347 INFO  [org.springframework.web.servlet.handler.SimpleUrlHandlerMapping:314] Mapped URL path [/webjars/**] onto handler 'org.springframework.web.servlet.resource.ResourceHttpRequestHandler#1'
2014-11-26 23:27:52,355 INFO  [org.springframework.web.servlet.handler.SimpleUrlHandlerMapping:301] Root mapping to handler of type [class org.springframework.web.servlet.mvc.ParameterizableViewController]
2014-11-26 23:27:52,361 INFO  [org.springframework.web.servlet.handler.SimpleUrlHandlerMapping:314] Mapped URL path [/**] onto handler 'org.springframework.web.servlet.resource.DefaultServletHttpRequestHandler#0'
2014-11-26 23:27:52,390 INFO  [org.springframework.web.servlet.DispatcherServlet:503] FrameworkServlet 'SevenUp': initialization completed in 1732 ms
